#
# A fatal error has been detected by the Java Runtime Environment:
#
#  SIGSEGV (0xb) at pc=0x00007fa3341d83fa, pid=3504, tid=0x00007fa2f359a700
#
# JRE version: Op
RAX=0x00007fa3494ef1a0, RBX=0x00007fa3447f89e0, RCX=0x00007fa349f40320, RDX=0x0000000000000042
RSP=0x00007fa2f35997b8, RBP=0x00007fa2f35997e0, RSI=0x0000000000000000, RDI=0x00007fa3447f89e0
R8 =0x0000000000000320, R9 =0x0000000000000000, R10=0x000000000000465a, R11=0x00000000000001f4
R12=0x00007fa2a80b1f800d4c8
0x00007fa2f35998a8:   000000010009d9b0 0000000100130a20
0x00007fa2f35998b8:   0000000100010e58 0000000100010e58
0x00007fa2f35998c8:   0000000000000000 0000000001000003
0x00007fa2f35998d8:   00000000e1376698 00000000e0c27bc8
0x00007fa2f35998e8:   00000000d1ec3230 00007fa2f3599980
0x00007fa2f35998f8:   00007fa33417698d 0000000000000000
0x00007fa2f3599908:   00000000e6c4bfc8 0000000000000001
0x00007fa2f3599918:   0000000004a120e3 00007fa2f3599980
0x00007fa2f3599928:   00007fa33417698d deaddeaf00000000
0x00007fa2f3599938:   00000000e1665000 00007fa2f3599940
0x00007fa2f3599948:   00007fa31bf9a64d 00007fa2f3599990
0x00007fa2f3599958:   00007fa31bfa3790 0000000000000000
0x00007fa2f3599968:   00007fa31bf9a658 00007fa2f3599930
0x00007fa2f3599978:   00007fa2f3599990 00007fa2f35999d8
0x00007fa2f3599988:   00007fa3341769d2 00000000e1665000
0x00007fa2f3599998:   00007fa2f3599998 00007fa31b82d8f3
0x00007fa2f35999a8:   00007fa2f35999e8 00007fa31b8b4e30 

Instructions: (pc=0x00007fa3341d83fa)
0x00007fa3341d83da:   00 00 00 00 00 00 44 8b 15 a1 38 34 15 4c 8b ce
0x00007fa3341d83ea:   41 f6 c2 01 0f 85 2e 00 00 00 4d 33 ca 4d 33 ca
0x00007fa3341d83fa:   4d 8b 09 4c 8b da 49 c1 eb 02 4b 8b 04 19 49 bb
0x00007fa3341d840a:   88 bc 51 49 a3 7f 00 00 4c 33 d8 4c 33 d8 45 3b 

Register to memory mapping:

RAX=0x00007fa3494ef1a0: <offset 0xedd1a0> in /usr/lib/pycharm-community/jre/jre/lib/amd64/server/libjvm.so at 0x00007fa348612000
RBX=0x00007fa3447f89e0 is an unknown value
RCX=0x00007fa349f40320: <offset 0x219320> in /lib/x86_64-linux-gnu/libpthread.so.0 at 0x00007fa349d27000
RDX=0x0000000000000042 is an unknown value
RSP=0x00007fa2f35997b8 is pointing into the stack for thread: 0x00007fa3447f8800
RBP=0x00007fa2f35997e0 is pointing into the stack for thread: 0x00007fa3447f8800
RSI=0x0000000000000000 is an unknown value
RDI=0x00007fa3447f89e0 is an unknown value
R8 =0x0000000000000320 is an unknown value
R9 =0x0000000000000000 is an unknown value
R10=0x000000000000465a is an unknown value
R11=0x00000000000001f4 is an unknown value
R12=0x00007fa2a80b1f80 is an unknown value
R13=0x0000000000000000 is an unknown value
R14=0x00007fa319d587e0: <offset 0x2597e0> in /usr/lib/pycharm-community/jre/jre/lib/amd64/libawt_xawt.so at 0x00007fa319aff000
R15=0x00007fa3447f8800 is a thread


Stack: [0x00007fa2f349a000,0x00007fa2f359b000],  sp=0x00007fa2f35997b8,  free space=1021k
Native frames: (J=compiled Java code, j=interpreted, Vv=VM code, C=native code)
v  ~BufferBlob::jni_fast_GetLongField
C  [libX11.so.6+0x61ae8]  _XimServerDestroy+0x58

Java frames: (J=compiled Java code, j=interpreted, Vv=VM code)
J 9990  sun.awt.X11.XlibWrapper.XFilterEvent(JJ)Z (0 bytes) @ 0x00007fa334972344 [0x00007fa334972300+0x44]
J 30871% C2 sun.awt.X11.XToolkit.run(Z)V (410 bytes) @ 0x00007fa339cee6c8 [0x00007fa339cee1c0+0x508]
j  sun.awt.X11.XToolkit.run()V+5
j  java.lang.Thread.run()V+11
v  ~StubRoutines::call_stub

---------------  P R O C E S S  ---------------

Java Threads: ( => current thread )
  0x00007fa2c87a5000 JavaThread "ApplicationImpl pooled thread 234" [_thread_blocked, id=24608, stack(0x00007fa2a6475000,0x00007fa2a6576000)]
  0x00007fa2a8e7c800 JavaThread "ApplicationImpl pooled thread 233" [_thread_blocked, id=24474, stack(0x00007fa2be4c7000,0x00007fa2be5c8000)]
  0x00007fa2a869d800 JavaThread "TimerQueue" daemon [_thread_blocked, id=3587, stack(0x00007fa2de809000,0x00007fa2de90a000)]
  0x00007fa2ac00a800 JavaThread "Netty Builtin Server 2" [_thread_in_native, id=3572, stack(0x00007fa2bd97a000,0x00007fa2bda7b000)]
  0x00007fa2a84c2000 JavaThread "BaseDataReader: error stream of fsnotifier64" [_thread_in_native, id=3563, stack(0x00007fa2be7c8000,0x00007fa2be8c9000)]
  0x00007fa2a84c0800 JavaThread "BaseDataReader: output stream of fsnotifier64" [_thread_in_native, id=3562, stack(0x00007fa2be8c9000,0x00007fa2be9ca000)]
  0x00007fa2a84ba800 JavaThread "ProcessWaitFor: fsnotifier64" [_thread_blocked, id=3561, stack(0x00007fa2bfbde000,0x00007fa2bfcdf000)]
  0x00007fa2a8009000 JavaThread "Periodic tasks thread" [_thread_blocked, id=3551, stack(0x00007fa2dc814000,0x00007fa2dc915000)]
  0x00007fa2c0204800 JavaThread "AWT-EventQueue-0 2016.2#PC-162.1237.1 PyCharm, eap:false, os:Linux 4.2.0-27-generic, java-version:JetBrains s.r.o 1.8.0_76-release-b216" [_thread_blocked, id=3550, stack(0x00007fa2bf8db000,0x00007fa2bf9dc000)]
  0x00007fa2c0203000 JavaThread "AWT-Shutdown" [_thread_blocked, id=3549, stack(0x00007fa2bf9dc000,0x00007fa2bfadd000)]
  0x00007fa2c01fd000 JavaThread "Timer-0" daemon [_thread_blocked, id=3548, stack(0x00007fa2bfadd000,0x00007fa2bfbde000)]
  0x00007fa2c00bd800 JavaThread "Netty Builtin Server 1" [_thread_in_native, id=3545, stack(0x00007fa2dc2da000,0x00007fa2dc3db000)]
  0x00007fa2c005d000 JavaThread "process reaper" daemon [_thread_in_native, id=3543, stack(0x00007fa2dc5db000,0x00007fa2dc614000)]
  0x00007fa34400a800 JavaThread "DestroyJavaVM" [_thread_blocked, id=3505, stack(0x00007fa34a042000,0x00007fa34a143000)]
=>0x00007fa3447f8800 JavaThread "AWT-XAWT" daemon [_thread_in_native, id=3531, stack(0x00007fa2f349a000,0x00007fa2f359b000)]
  0x00007fa3447e2000 JavaThread "Java2D Disposer" daemon [_thread_blocked, id=3530, stack(0x00007fa3180a4000,0x00007fa3181a5000)]
  0x00007fa344189800 JavaThread "Service Thread" daemon [_thread_blocked, id=3519, stack(0x00007fa31ac19000,0x00007fa31ad1a000)]
  0x00007fa34417c000 JavaThread "C1 CompilerThread2" daemon [_thread_blocked, id=3518, stack(0x00007fa31ad1a000,0x00007fa31ae1b000)]
  0x00007fa34417a000 JavaThread "C2 CompilerThread1" daemon [_thread_blocked, id=3517, stack(0x00007fa31ae1b000,0x00007fa31af1c000)]
  0x00007fa344178000 JavaThread "C2 CompilerThread0" daemon [_thread_blocked, id=3516, stack(0x00007fa31af1c000,0x00007fa31b01d000)]
  0x00007fa344175800 JavaThread "Signal Dispatcher" daemon [_thread_blocked, id=3515, stack(0x00007fa31b01d000,0x00007fa31b11e000)]
  0x00007fa344174800 JavaThread "Surrogate Locker Thread (Concurrent GC)" daemon [_thread_blocked, id=3514, stack(0x00007fa3300cb000,0x00007fa3301cc000)]
  0x00007fa344141800 JavaThread "Finalizer" daemon [_thread_blocked, id=3513, stack(0x00007fa3301cc000,0x00007fa3302cd000)]
  0x00007fa34413d000 JavaThread "Reference Handler" daemon [_thread_blocked, id=3512, stack(0x00007fa3302cd000,0x00007fa3303ce000)]

Other Threads:
  0x00007fa344135800 VMThread [stack: 0x00007fa3303ce000,0x00007fa3304cf000] [id=3511]
  0x00007fa34418c800 WatcherThread [stack: 0x00007fa31ab18000,0x00007fa31ac19000] [id=3520]

VM state:not at safepoint (normal execution)

VM Mutex/Monitor currently owned by a thread: None

Heap:
 par new generation   total 39296K, used 18117K [0x00000000d1200000, 0x00000000d3ca0000, 0x00000000e0c00000)
  eden space 34944K,  39% used [0x00000000d1200000, 0x00000000d1f71430, 0x00000000d3420000)
  from space 4352K, 100% used [0x00000000d3420000, 0x00000000d3860000, 0x00000000d3860000)
  to   space 4352K,   0% used [0x00000000d3860000, 0x00000000d3860000, 0x00000000d3ca0000)
 concurrent mark-sweep generation total 387604K, used 225224K [0x00000000e0c00000, 0x00000000f8685000, 0x0000000100000000)
 Metaspace       used 117871K, capacity 122722K, committed 122936K, reserved 1157120K
  class space    used 14671K, capacity 15611K, committed 15704K, reserved 1048576K

Card table byte_map: [0x00007fa333934000,0x00007fa333aac000] byte_map_base: 0x00007fa3332ab000

Marking Bits: (CMSBitMap*) 0x00007fa344062a28
 Bits: [0x00007fa332c64000, 0x00007fa333434000)

Mod Union Table: (CMSBitMap*) 0x00007fa344062ae8
 Bits: [0x00007fa34a022000, 0x00007fa34a041400)

Polling page: 0x00007fa34a164000

CodeCache: size=245760Kb used=117255Kb max_used=117284Kb free=128505Kb
 bounds [0x00007fa33416f000, 0x00007fa33b4df000, 0x00007fa34316f000]
 total_blobs=27383 nmethods=26410 adapters=879
 compilation: enabled

Compilation events (10 events):
Event: 34695.202 Thread 0x00007fa34417c000 nmethod 39057 0x00007fa336e83950 code [0x00007fa336e83aa0, 0x00007fa336e83bf0]
Event: 34695.202 Thread 0x00007fa34417c000 39062       3       com.intellij.openapi.vfs.newvfs.RefreshQueueImpl$$Lambda$77/1854628848::run (8 bytes)
Event: 34695.203 Thread 0x00007fa34417c000 nmethod 39062 0x00007fa33b2aded0 code [0x00007fa33b2ae040, 0x00007fa33b2ae1c8]
Event: 34695.217 Thread 0x00007fa344178000 nmethod 39061 0x00007fa33717ae50 code [0x00007fa33717b020, 0x00007fa33717ba50]
Event: 34695.393 Thread 0x00007fa34417c000 39063       3       java.nio.ByteBuffer::order (17 bytes)
Event: 34695.393 Thread 0x00007fa34417c000 nmethod 39063 0x00007fa33b3e1450 code [0x00007fa33b3e15c0, 0x00007fa33b3e1790]
Event: 34695.395 Thread 0x00007fa34417a000 39064       4       java.util.zip.DeflaterOutputStream::deflate (36 bytes)
Event: 34695.395 Thread 0x00007fa344178000 39065   !   4       java.util.zip.Deflater::deflate (140 bytes)
Event: 34695.397 Thread 0x00007fa344178000 nmethod 39065 0x00007fa338bc8f10 code [0x00007fa338bc9080, 0x00007fa338bc95e8]
Event: 34695.401 Thread 0x00007fa34417a000 nmethod 39064 0x00007fa337179d50 code [0x00007fa337179f00, 0x00007fa33717a828]

GC Heap History (10 events):
Event: 34680.553 GC heap before
{Heap before GC invocations=1927 (full 253):
 par new generation   total 39296K, used 39296K [0x00000000d1200000, 0x00000000d3ca0000, 0x00000000e0c00000)
  eden space 34944K, 100% used [0x00000000d1200000, 0x00000000d3420000, 0x00000000d3420000)
  from space 4352K, 100% used [0x00000000d3860000, 0x00000000d3ca0000, 0x00000000d3ca0000)
  to   space 4352K,   0% used [0x00000000d3420000, 0x00000000d3420000, 0x00000000d3860000)
 concurrent mark-sweep generation total 387604K, used 139474K [0x00000000e0c00000, 0x00000000f8685000, 0x0000000100000000)
 Metaspace       used 117836K, capacity 122646K, committed 122936K, reserved 1157120K
  class space    used 14670K, capacity 15609K, committed 15704K, reserved 1048576K
Event: 34680.579 GC heap after
Heap after GC invocations=1928 (full 253):
 par new generation   total 39296K, used 4352K [0x00000000d1200000, 0x00000000d3ca0000, 0x00000000e0c00000)
  eden space 34944K,   0% used [0x00000000d1200000, 0x00000000d1200000, 0x00000000d3420000)
  from space 4352K, 100% used [0x00000000d3420000, 0x00000000d3860000, 0x00000000d3860000)
  to   space 4352K,   0% used [0x00000000d3860000, 0x00000000d3860000, 0x00000000d3ca0000)
 concurrent mark-sweep generation total 387604K, used 152621K [0x00000000e0c00000, 0x00000000f8685000, 0x0000000100000000)
 Metaspace       used 117836K, capacity 122646K, committed 122936K, reserved 1157120K
  class space    used 14670K, capacity 15609K, committed 15704K, reserved 1048576K
}
Event: 34693.694 GC heap before
{Heap before GC invocations=1928 (full 253):
 par new generation   total 39296K, used 39296K [0x00000000d1200000, 0x00000000d3ca0000, 0x00000000e0c00000)
  eden space 34944K, 100% used [0x00000000d1200000, 0x00000000d3420000, 0x00000000d3420000)
  from space 4352K, 100% used [0x00000000d3420000, 0x00000000d3860000, 0x00000000d3860000)
  to   space 4352K,   0% used [0x00000000d3860000, 0x00000000d3860000, 0x00000000d3ca0000)
 concurrent mark-sweep generation total 387604K, used 152621K [0x00000000e0c00000, 0x00000000f8685000, 0x0000000100000000)
 Metaspace       used 117836K, capacity 122646K, committed 122936K, reserved 1157120K
  class space    used 14670K, capacity 15609K, committed 15704K, reserved 1048576K
Event: 34693.745 GC heap after
Heap after GC invocations=1929 (full 253):
 par new generation   total 39296K, used 4352K [0x00000000d1200000, 0x00000000d3ca0000, 0x00000000e0c00000)
  eden space 34944K,   0% used [0x00000000d1200000, 0x00000000d1200000, 0x00000000d3420000)
  from space 4352K, 100% used [0x00000000d3860000, 0x00000000d3ca0000, 0x00000000d3ca0000)
  to   space 4352K,   0% used [0x00000000d3420000, 0x00000000d3420000, 0x00000000d3860000)
 concurrent mark-sweep generation total 387604K, used 167585K [0x00000000e0c00000, 0x00000000f8685000, 0x0000000100000000)
 Metaspace       used 117836K, capacity 122646K, committed 122936K, reserved 1157120K
  class space    used 14670K, capacity 15609K, committed 15704K, reserved 1048576K
}
Event: 34694.709 GC heap before
{Heap before GC invocations=1929 (full 253):
 par new generation   total 39296K, used 39296K [0x00000000d1200000, 0x00000000d3ca0000, 0x00000000e0c00000)
  eden space 34944K, 100% used [0x00000000d1200000, 0x00000000d3420000, 0x00000000d3420000)
  from space 4352K, 100% used [0x00000000d3860000, 0x00000000d3ca0000, 0x00000000d3ca0000)
  to   space 4352K,   0% used [0x00000000d3420000, 0x00000000d3420000, 0x00000000d3860000)
 concurrent mark-sweep generation total 387604K, used 167585K [0x00000000e0c00000, 0x00000000f8685000, 0x0000000100000000)
 Metaspace       used 117836K, capacity 122646K, committed 122936K, reserved 1157120K
  class space    used 14670K, capacity 15609K, committed 15704K, reserved 1048576K
Event: 34694.761 GC heap after
Heap after GC invocations=1930 (full 253):
 par new generation   total 39296K, used 4352K [0x00000000d1200000, 0x00000000d3ca0000, 0x00000000e0c00000)
  eden space 34944K,   0% used [0x00000000d1200000, 0x00000000d1200000, 0x00000000d3420000)
  from space 4352K, 100% used [0x00000000d3420000, 0x00000000d3860000, 0x00000000d3860000)
  to   space 4352K,   0% used [0x00000000d3860000, 0x00000000d3860000, 0x00000000d3ca0000)
 concurrent mark-sweep generation total 387604K, used 195853K [0x00000000e0c00000, 0x00000000f8685000, 0x0000000100000000)
 Metaspace       used 117836K, capacity 122646K, committed 122936K, reserved 1157120K
  class space    used 14670K, capacity 15609K, committed 15704K, reserved 1048576K
}
Event: 34695.649 GC heap before
{Heap before GC invocations=1930 (full 253):
 par new generation   total 39296K, used 39296K [0x00000000d1200000, 0x00000000d3ca0000, 0x00000000e0c00000)
  eden space 34944K, 100% used [0x00000000d1200000, 0x00000000d3420000, 0x00000000d3420000)
  from space 4352K, 100% used [0x00000000d3420000, 0x00000000d3860000, 0x00000000d3860000)
  to   space 4352K,   0% used [0x00000000d3860000, 0x00000000d3860000, 0x00000000d3ca0000)
 concurrent mark-sweep generation total 387604K, used 195853K [0x00000000e0c00000, 0x00000000f8685000, 0x0000000100000000)
 Metaspace       used 117863K, capacity 122722K, committed 122936K, reserved 1157120K
  class space    used 14671K, capacity 15611K, committed 15704K, reserved 1048576K
Event: 34695.667 GC heap after
Heap after GC invocations=1931 (full 253):
 par new generation   total 39296K, used 4352K [0x00000000d1200000, 0x00000000d3ca0000, 0x00000000e0c00000)
  eden space 34944K,   0% used [0x00000000d1200000, 0x00000000d1200000, 0x00000000d3420000)
  from space 4352K, 100% used [0x00000000d3860000, 0x00000000d3ca0000, 0x00000000d3ca0000)
  to   space 4352K,   0% used [0x00000000d3420000, 0x00000000d3420000, 0x00000000d3860000)
 concurrent mark-sweep generation total 387604K, used 200061K [0x00000000e0c00000, 0x00000000f8685000, 0x0000000100000000)
 Metaspace       used 117863K, capacity 122722K, committed 122936K, reserved 1157120K
  class space    used 14671K, capacity 15611K, committed 15704K, reserved 1048576K
}
Event: 34695.750 GC heap before
{Heap before GC invocations=1931 (full 253):
 par new generation   total 39296K, used 39296K [0x00000000d1200000, 0x00000000d3ca0000, 0x00000000e0c00000)
  eden space 34944K, 100% used [0x00000000d1200000, 0x00000000d3420000, 0x00000000d3420000)
  from space 4352K, 100% used [0x00000000d3860000, 0x00000000d3ca0000, 0x00000000d3ca0000)
  to   space 4352K,   0% used [0x00000000d3420000, 0x00000000d3420000, 0x00000000d3860000)
 concurrent mark-sweep generation total 387604K, used 200061K [0x00000000e0c00000, 0x00000000f8685000, 0x0000000100000000)
 Metaspace       used 117863K, capacity 122722K, committed 122936K, reserved 1157120K
  class space    used 14671K, capacity 15611K, committed 15704K, reserved 1048576K
Event: 34695.798 GC heap after
Heap after GC invocations=1932 (full 253):
 par new generation   total 39296K, used 4352K [0x00000000d1200000, 0x00000000d3ca0000, 0x00000000e0c00000)
  eden space 34944K,   0% used [0x00000000d1200000, 0x00000000d1200000, 0x00000000d3420000)
  from space 4352K, 100% used [0x00000000d3420000, 0x00000000d3860000, 0x00000000d3860000)
  to   space 4352K,   0% used [0x00000000d3860000, 0x00000000d3860000, 0x00000000d3ca0000)
 concurrent mark-sweep generation total 387604K, used 225224K [0x00000000e0c00000, 0x00000000f8685000, 0x0000000100000000)
 Metaspace       used 117863K, capacity 122722K, committed 122936K, reserved 1157120K
  class space    used 14671K, capacity 15611K, committed 15704K, reserved 1048576K
}

Deoptimization events (10 events):
Event: 34027.167 Thread 0x00007fa2c0204800 Uncommon trap: reason=unstable_if action=reinterpret pc=0x00007fa3365109d0 method=com.intellij.psi.util.PsiTreeUtil.hasErrorElements(Lcom/intellij/psi/PsiElement;)Z @ 84
Event: 34059.752 Thread 0x00007fa2a8eff000 Uncommon trap: reason=unstable_if action=reinterpret pc=0x00007fa3365c5090 method=com.jetbrains.python.psi.impl.PyReferenceExpressionImpl.getReferencedName()Ljava/lang/String; @ 6
Event: 34059.970 Thread 0x00007fa2c0204800 Uncommon trap: reason=unstable_if action=reinterpret pc=0x00007fa335fc3478 method=com.intellij.codeInsight.navigation.CtrlMouseHandler$6$1.caretPositionChanged(Lcom/intellij/openapi/editor/event/CaretEvent;)V @ 10
Event: 34695.134 Thread 0x00007fa2c0204800 Uncommon trap: reason=bimorphic action=maybe_recompile pc=0x00007fa336449f00 method=com.intellij.util.ArrayUtilRt.find([Ljava/lang/Object;Ljava/lang/Object;)I @ 64
Event: 34695.159 Thread 0x00007fa2c0204800 Uncommon trap: reason=unstable_if action=reinterpret pc=0x00007fa3374bd05c method=com.intellij.openapi.fileEditor.impl.FileEditorManagerImpl.getCurrentEditorWithProviderComposite(Lcom/intellij/openapi/vfs/VirtualFile;)Lcom/intellij/openapi/fileEditor/impl
Event: 34695.171 Thread 0x00007fa3447f8800 Uncommon trap: reason=bimorphic action=maybe_recompile pc=0x00007fa3391de5dc method=sun.awt.X11.XBaseWindow.dispatchEvent(Lsun/awt/X11/XEvent;)V @ 262
Event: 34697.673 Thread 0x00007fa2c0204800 Uncommon trap: reason=unstable_if action=reinterpret pc=0x00007fa336a400e4 method=javax.swing.SwingUtilities.getAncestorOfClass(Ljava/lang/Class;Ljava/awt/Component;)Ljava/awt/Container; @ 1
Event: 34724.834 Thread 0x00007fa3447f8800 Uncommon trap: reason=bimorphic action=maybe_recompile pc=0x00007fa3391de5dc method=sun.awt.X11.XBaseWindow.dispatchEvent(Lsun/awt/X11/XEvent;)V @ 262
Event: 34724.835 Thread 0x00007fa3447f8800 Uncommon trap: reason=unstable_if action=reinterpret pc=0x00007fa3353c2f94 method=sun.awt.X11.XNETProtocol.isWMStateNetHidden(Lsun/awt/X11/XWindowPeer;)Z @ 33
Event: 34724.855 Thread 0x00007fa2c0204800 Uncommon trap: reason=unstable_if action=reinterpret pc=0x00007fa335fe9d98 method=sun.awt.X11.XDecoratedPeer.getLocationOnScreen()Ljava/awt/Point; @ 7

Internal exceptions (10 events):
Event: 32564.495 Thread 0x00007fa2c0204800 Implicit null exception at 0x00007fa3398051fb to 0x00007fa339806059
Event: 33018.406 Thread 0x00007fa2c0204800 Exception <a 'java/lang/UnsupportedOperationException': > (0x00000000d33635e8) thrown at [/jonnyzzz/hotspot/src/share/vm/prims/jni.cpp, line 735]
Event: 33019.030 Thread 0x00007fa2c0204800 Exception <a 'java/lang/UnsupportedOperationException': > (0x00000000d1248d38) thrown at [/jonnyzzz/hotspot/src/share/vm/prims/jni.cpp, line 735]
Event: 33020.631 Thread 0x00007fa2c0204800 Exception <a 'java/lang/UnsupportedOperationException': > (0x00000000d14156b8) thrown at [/jonnyzzz/hotspot/src/share/vm/prims/jni.cpp, line 735]
Event: 33022.013 Thread 0x00007fa2c0204800 Exception <a 'java/lang/UnsupportedOperationException': > (0x00000000d16917d8) thrown at [/jonnyzzz/hotspot/src/share/vm/prims/jni.cpp, line 735]
Event: 33023.240 Thread 0x00007fa2c0204800 Exception <a 'java/lang/UnsupportedOperationException': > (0x00000000d1813a98) thrown at [/jonnyzzz/hotspot/src/share/vm/prims/jni.cpp, line 735]
Event: 33122.187 Thread 0x00007fa2a8dff000 Implicit null exception at 0x00007fa33823bf90 to 0x00007fa33823bfc2
Event: 33207.800 Thread 0x00007fa2c0204800 Implicit null exception at 0x00007fa338bd70d7 to 0x00007fa338bd755d
Event: 33207.800 Thread 0x00007fa2c0204800 Implicit null exception at 0x00007fa33631edfc to 0x00007fa33631f0b9
Event: 34697.673 Thread 0x00007fa2c0204800 Implicit null exception at 0x00007fa336a3fff0 to 0x00007fa336a400d1

Events (10 events):
Event: 34724.629 Executing VM operation: RevokeBias done
Event: 34724.834 Thread 0x00007fa3447f8800 Uncommon trap: trap_request=0xffffffc6 fr.pc=0x00007fa3391de5dc
Event: 34724.834 Thread 0x00007fa3447f8800 DEOPT PACKING pc=0x00007fa3391de5dc sp=0x00007fa2f35996d0
Event: 34724.835 Thread 0x00007fa3447f8800 DEOPT UNPACKING pc=0x00007fa334173f69 sp=0x00007fa2f35996a8 mode 2
Event: 34724.835 Thread 0x00007fa3447f8800 Uncommon trap: trap_request=0xffffff65 fr.pc=0x00007fa3353c2f94
Event: 34724.835 Thread 0x00007fa3447f8800 DEOPT PACKING pc=0x00007fa3353c2f94 sp=0x00007fa2f3599550
Event: 34724.835 Thread 0x00007fa3447f8800 DEOPT UNPACKING pc=0x00007fa334173f69 sp=0x00007fa2f3599540 mode 2
Event: 34724.855 Thread 0x00007fa2c0204800 Uncommon trap: trap_request=0xffffff65 fr.pc=0x00007fa335fe9d98
Event: 34724.855 Thread 0x00007fa2c0204800 DEOPT PACKING pc=0x00007fa335fe9d98 sp=0x00007fa2bf9d69d0
Event: 34724.855 Thread 0x00007fa2c0204800 DEOPT UNPACKING pc=0x00007fa334173f69 sp=0x00007fa2bf9d69e8 mode 2


Dynamic libraries:
00400000-00401000 r-xp 00000000 08:01 2886064                            /usr/lib/pycharm-community/jre/jre/bin/java
00600000-00601000 rw-p 00000000 08:01 2886064                            /usr/lib/pycharm-community/jre/jre/bin/java
016d1000-017cb000 rw-p 00000000 00:00 0                                  [heap]
d1200000-d3ca0000 rw-p 00000000 00:00 0 
d3ca0000-e0c00000 ---p 00000000 00:00 0 
e0c00000-f8685000 rw-p 00000000 00:00 0 
f8685000-100000000 ---p 00000000 00:00 0 
100000000-100f56000 rw-p 00000000 00:00 0 
100f56000-140000000 ---p 00000000 00:00 0 
7fa29fe00000-7fa29fec0000 rw-p 00000000 00:00 0 
7fa29fec0000-7fa2a0000000 ---p 00000000 00:00 0 
7fa2a0000000-7fa2a03e4000 rw-p 00000000 00:00 0 
7fa2a03e4000-7fa2a4000000 ---p 00000000 00:00 0 
7fa2a406d000-7fa2a426d000 rw-p 00000000 00:00 0 
7fa2a426d000-7fa2a446d000 rw-p 00000000 00:00 0 
7fa2a446d000-7fa2a466d000 rw-p 00000000 00:00 0 
7fa2a466d000-7fa2a486d000 rw-p 00000000 00:00 0 
7fa2a486d000-7fa2a4a6d000 rw-p 00000000 00:00 0 
7fa2a4a6d000-7fa2a4c6d000 rw-p 00000000 00:00 0 
7fa2a4c6d000-7fa2a4e6d000 rw-p 00000000 00:00 0 
7fa2a4e6d000-7fa2a506d000 rw-p 00000000 00:00 0 
7fa2a506d000-7fa2a526d000 rw-p 00000000 00:00 0 
7fa2a526d000-7fa2a5270000 ---p 00000000 00:00 0 
7fa2a5270000-7fa2a556e000 rw-p 00000000 00:00 0 
7fa2a556e000-7fa2a5571000 ---p 00000000 00:00 0 
7fa2a5571000-7fa2a566f000 rw-p 00000000 00:00 0 
7fa2a566f000-7fa2a5672000 ---p 00000000 00:00 0 
7fa2a5672000-7fa2a5970000 rw-p 00000000 00:00 0 
7fa2a5970000-7fa2a5973000 ---p 00000000 00:00 0 
7fa2a5973000-7fa2a5c71000 rw-p 00000000 00:00 0 
7fa2a5c71000-7fa2a5e71000 rw-p 00000000 00:00 0 
7fa2a5e71000-7fa2a5e74000 ---p 00000000 00:00 0 
7fa2a5e74000-7fa2a5f72000 rw-p 00000000 00:00 0 
7fa2a5f72000-7fa2a5f75000 ---p 00000000 00:00 0 
7fa2a5f75000-7fa2a6073000 rw-p 00000000 00:00 0 
7fa2a6073000-7fa2a6076000 ---p 00000000 00:00 0 
7fa2a6076000-7fa2a6374000 rw-p 00000000 00:00 0 
7fa2a6374000-7fa2a6377000 ---p 00000000 00:00 0 
7fa2a6377000-7fa2a6475000 rw-p 00000000 00:00 0 
7fa2a6475000-7fa2a6478000 ---p 00000000 00:00 0 
7fa2a6478000-7fa2a6776000 rw-p 00000000 00:00 0                          [stack:24608]
7fa2a6776000-7fa2a6976000 rw-p 00000000 00:00 0 
7fa2a6976000-7fa2a6b76000 rw-p 00000000 00:00 0 
7fa2a6b76000-7fa2a6d76000 rw-p 00000000 00:00 0 
7fa2a6d76000-7fa2a6f76000 rw-p 00000000 00:00 0 
7fa2a6f76000-7fa2a7176000 rw-p 00000000 00:00 0 
7fa2a7176000-7fa2a7179000 ---p 00000000 00:00 0 
7fa2a7179000-7fa2a7277000 rw-p 00000000 00:00 0 
7fa2a72ff000-7fa2a7302000 ---p 00000000 00:00 0 
7fa2a7302000-7fa2a7600000 rw-p 00000000 00:00 0 
7fa2a7600000-7fa2a7800000 rw-p 00000000 00:00 0 
7fa2a7800000-7fa2a7a00000 rw-p 00000000 00:00 0 
7fa2a7a00000-7fa2a7c00000 rw-p 00000000 00:00 0 
7fa2a7c00000-7fa2a7e00000 rw-p 00000000 00:00 0 
7fa2a7e00000-7fa2a8000000 rw-p 00000000 00:00 0 
7fa2a8000000-7fa2a9022000 rw-p 00000000 00:00 0 
7fa2a9022000-7fa2ac000000 ---p 00000000 00:00 0 
7fa2ac000000-7fa2ac0c4000 rw-p 00000000 00:00 0 
7fa2ac0c4000-7fa2b0000000 ---p 00000000 00:00 0 
7fa2b0000000-7fa2b13ca000 rw-p 00000000 00:00 0 
7fa2b13ca000-7fa2b4000000 ---p 00000000 00:00 0 
7fa2b4000000-7fa2b4021000 rw-p 00000000 00:00 0 
7fa2b4021000-7fa2b8000000 ---p 00000000 00:00 0 
7fa2b8000000-7fa2b89c9000 rw-p 00000000 00:00 0 
7fa2b89c9000-7fa2bc000000 ---p 00000000 00:00 0 
7fa2bc06e000-7fa2bc26e000 rw-p 00000000 00:00 0 
7fa2bc26e000-7fa2bc46e000 rw-p 00000000 00:00 0 
7fa2bc46e000-7fa2bc66e000 rw-p 00000000 00:00 0 
7fa2bc66e000-7fa2bc86e000 rw-p 00000000 00:00 0 
7fa2bc86e000-7fa2bca6e000 rw-p 00000000 00:00 0 
7fa2bca6e000-7fa2bca71000 ---p 00000000 00:00 0 
7fa2bca71000-7fa2bcd67000 rw-p 00000000 00:00 0 
7fa2bcd67000-7fa2bcd6f000 ---p 00000000 00:00 0 
7fa2bcd6f000-7fa2bcd74000 r-xp 00000000 08:01 10354785                   /lib/x86_64-linux-gnu/libnss_dns-2.19.so
7fa2bcd74000-7fa2bcf73000 ---p 00005000 08:01 10354785                   /lib/x86_64-linux-gnu/libnss_dns-2.19.so
7fa2bcf73000-7fa2bcf74000 r--p 00004000 08:01 10354785                   /lib/x86_64-linux-gnu/libnss_dns-2.19.so
7fa2bcf74000-7fa2bcf75000 rw-p 00005000 08:01 10354785                   /lib/x86_64-linux-gnu/libnss_dns-2.19.so
7fa2bcf75000-7fa2bcf77000 r-xp 00000000 08:01 10359085                   /lib/x86_64-linux-gnu/libnss_mdns4_minimal.so.2
7fa2bcf77000-7fa2bd176000 ---p 00002000 08:01 10359085                   /lib/x86_64-linux-gnu/libnss_mdns4_minimal.so.2
7fa2bd176000-7fa2bd177000 r--p 00001000 08:01 10359085                   /lib/x86_64-linux-gnu/libnss_mdns4_minimal.so.2
7fa2bd177000-7fa2bd178000 rw-p 00002000 08:01 10359085                   /lib/x86_64-linux-gnu/libnss_mdns4_minimal.so.2
7fa2bd178000-7fa2bd378000 rw-p 00000000 00:00 0 
7fa2bd378000-7fa2bd37b000 ---p 00000000 00:00 0 
7fa2bd37b000-7fa2bd679000 rw-p 00000000 00:00 0 
7fa2bd679000-7fa2bd67c000 ---p 00000000 00:00 0 
7fa2bd67c000-7fa2bd97a000 rw-p 00000000 00:00 0 
7fa2bd97a000-7fa2bd97d000 ---p 00000000 00:00 0 
7fa2bd97d000-7fa2bdc7b000 rw-p 00000000 00:00 0                          [stack:3572]
7fa2bdc7b000-7fa2bdcae000 r-xp 00000000 08:01 2886126                    /usr/lib/pycharm-community/jre/jre/lib/amd64/libsunec.so
7fa2bdcae000-7fa2bdeae000 ---p 00033000 08:01 2886126                    /usr/lib/pycharm-community/jre/jre/lib/amd64/libsunec.so
7fa2bdeae000-7fa2bdeb4000 rw-p 00033000 08:01 2886126                    /usr/lib/pycharm-community/jre/jre/lib/amd64/libsunec.so
7fa2bdeb4000-7fa2be0c5000 rw-p 00000000 00:00 0 
7fa2be0c5000-7fa2be0c8000 ---p 00000000 00:00 0 
7fa2be0c8000-7fa2be3c6000 rw-p 00000000 00:00 0 
7fa2be3c6000-7fa2be3c9000 ---p 00000000 00:00 0 
7fa2be3c9000-7fa2be4c7000 rw-p 00000000 00:00 0 
7fa2be4c7000-7fa2be4ca000 ---p 00000000 00:00 0 
7fa2be4ca000-7fa2be7c8000 rw-p 00000000 00:00 0                          [stack:24474]
7fa2be7c8000-7fa2be7cb000 ---p 00000000 00:00 0 
7fa2be7cb000-7fa2be8c9000 rw-p 00000000 00:00 0                          [stack:3563]
7fa2be8c9000-7fa2be8cc000 ---p 00000000 00:00 0 
7fa2be8cc000-7fa2bed7b000 rw-p 00000000 00:00 0                          [stack:3562]
7fa2bed7b000-7fa2bed7c000 r-xp 00000000 08:01 2886120                    /usr/lib/pycharm-community/jre/jre/lib/amd64/libjawt.so
7fa2bed7c000-7fa2bef7b000 ---p 00001000 08:01 2886120                    /usr/lib/pycharm-community/jre/jre/lib/amd64/libjawt.so
7fa2bef7b000-7fa2bef7c000 rw-p 00000000 08:01 2886120                    /usr/lib/pycharm-community/jre/jre/lib/amd64/libjawt.so
7fa2bef7c000-7fa2bf17c000 rw-p 00000000 00:00 0 
7fa2bf276000-7fa2bf476000 rw-p 00000000 00:00 0 
7fa2bf476000-7fa2bf4d7000 r-xp 00000000 08:01 2886098                    /usr/lib/pycharm-community/jre/jre/lib/amd64/libsplashscreen.so
7fa2bf4d7000-7fa2bf6d7000 ---p 00061000 08:01 2886098                    /usr/lib/pycharm-community/jre/jre/lib/amd64/libsplashscreen.so
7fa2bf6d7000-7fa2bf6d8000 rw-p 00061000 08:01 2886098                    /usr/lib/pycharm-community/jre/jre/lib/amd64/libsplashscreen.so
7fa2bf6d8000-7fa2bf8db000 rw-p 00000000 00:00 0 
7fa2bf8db000-7fa2bf8de000 ---p 00000000 00:00 0 
7fa2bf8de000-7fa2bf9dc000 rw-p 00000000 00:00 0                          [stack:3550]
7fa2bf9dc000-7fa2bf9df000 ---p 00000000 00:00 0 
7fa2bf9df000-7fa2bfadd000 rw-p 00000000 00:00 0                          [stack:3549]
7fa2bfadd000-7fa2bfae0000 ---p 00000000 00:00 0 
7fa2bfae0000-7fa2bfbde000 rw-p 00000000 00:00 0                          [stack:3548]
7fa2bfbde000-7fa2bfbe1000 ---p 00000000 00:00 0 
7fa2bfbe1000-7fa2bfcdf000 rw-p 00000000 00:00 0                          [stack:3561]
7fa2bfcdf000-7fa2bfcf6000 r-xp 00000000 08:01 11059424                   /home/bynry007/.PyCharm2016.2/system/tmp/jna4647101638104074501.tmp (deleted)
7fa2bfcf6000-7fa2bfdf5000 ---p 00017000 08:01 11059424                   /home/bynry007/.PyCharm2016.2/system/tmp/jna4647101638104074501.tmp (deleted)
7fa2bfdf5000-7fa2bfdf7000 rw-p 00016000 08:01 11059424                   /home/bynry007/.PyCharm2016.2/system/tmp/jna4647101638104074501.tmp (deleted)
7fa2bfdf7000-7fa2bfe00000 r-xp 00000000 08:01 2886121                    /usr/lib/pycharm-community/jre/jre/lib/amd64/libmanagement.so
7fa2bfe00000-7fa2bffff000 ---p 00009000 08:01 2886121                    /usr/lib/pycharm-community/jre/jre/lib/amd64/libmanagement.so
7fa2bffff000-7fa2c0000000 rw-p 00008000 08:01 2886121                    /usr/lib/pycharm-community/jre/jre/lib/amd64/libmanagement.so
7fa2c0000000-7fa2c03df000 rw-p 00000000 00:00 0 
7fa2c03df000-7fa2c4000000 ---p 00000000 00:00 0 
7fa2c4000000-7fa2c4021000 rw-p 00000000 00:00 0 
7fa2c4021000-7fa2c8000000 ---p 00000000 00:00 0 
7fa2c8000000-7fa2c8a2f000 rw-p 00000000 00:00 0 
7fa2c8a2f000-7fa2cc000000 ---p 00000000 00:00 0 
7fa2cc000000-7fa2cc27f000 rw-p 00000000 00:00 0 
7fa2cc27f000-7fa2d0000000 ---p 00000000 00:00 0 
7fa2d0000000-7fa2d009d000 rw-p 00000000 00:00 0 
7fa2d009d000-7fa2d4000000 ---p 00000000 00:00 0 
7fa2d4000000-7fa2d42ae000 rw-p 00000000 00:00 0 
7fa2d42ae000-7fa2d8000000 ---p 00000000 00:00 0 
7fa2d8000000-7fa2d8042000 rw-p 00000000 00:00 0 
7fa2d8042000-7fa2dc000000 ---p 00000000 00:00 0 
7fa2dc01e000-7fa2dc021000 ---p 00000000 00:00 0 
7fa2dc021000-7fa2dc057000 rw-p 00000000 00:00 0 
7fa2dc057000-7fa2dc05a000 r--s 00015000 08:01 2886080                    /usr/lib/pycharm-community/jre/jre/lib/jce.jar
7fa2dc0da000-7fa2dc2da000 rw-p 00000000 00:00 0 
7fa2dc2da000-7fa2dc2dd000 ---p 00000000 00:00 0 
7fa2dc2dd000-7fa2dc5db000 rw-p 00000000 00:00 0                          [stack:3545]
7fa2dc5db000-7fa2dc5de000 ---p 00000000 00:00 0 
7fa2dc5de000-7fa2dc814000 rw-p 00000000 00:00 0                          [stack:3543]
7fa2dc814000-7fa2dc817000 ---p 00000000 00:00 0 
7fa2dc817000-7fa2dc915000 rw-p 00000000 00:00 0                          [stack:3551]
7fa2dc915000-7fa2dc916000 ---p 00000000 00:00 0 
7fa2dc916000-7fa2dd116000 rw-p 00000000 00:00 0 
7fa2dd116000-7fa2dd117000 ---p 00000000 00:00 0 
7fa2dd117000-7fa2dd917000 rw-p 00000000 00:00 0 
7fa2dd917000-7fa2dd918000 ---p 00000000 00:00 0 
7fa2dd918000-7fa2de118000 rw-p 00000000 00:00 0                          [stack:3537]
7fa2de118000-7fa2de171000 r-xp 00000000 08:01 14295393                   /usr/lib/x86_64-linux-gnu/libibus-1.0.so.5.0.505
7fa2de171000-7fa2de371000 ---p 00059000 08:01 14295393                   /usr/lib/x86_64-linux-gnu/libibus-1.0.so.5.0.505
7fa2de371000-7fa2de373000 r--p 00059000 08:01 14295393                   /usr/lib/x86_64-linux-gnu/libibus-1.0.so.5.0.505
7fa2de373000-7fa2de374000 rw-p 0005b000 08:01 14295393                   /usr/lib/x86_64-linux-gnu/libibus-1.0.so.5.0.505
7fa2de374000-7fa2de375000 rw-p 00000000 00:00 0 
7fa2de393000-7fa2de399000 r-xp 00000000 08:01 131177                     /usr/lib/x86_64-linux-gnu/gtk-2.0/2.10.0/immodules/im-ibus.so
7fa2de399000-7fa2de599000 ---p 00006000 08:01 131177                     /usr/lib/x86_64-linux-gnu/gtk-2.0/2.10.0/immodules/im-ibus.so
7fa2de599000-7fa2de59a000 r--p 00006000 08:01 131177                     /usr/lib/x86_64-linux-gnu/gtk-2.0/2.10.0/immodules/im-ibus.so
7fa2de59a000-7fa2de59b000 rw-p 00007000 08:01 131177                     /usr/lib/x86_64-linux-gnu/gtk-2.0/2.10.0/immodules/im-ibus.so
7fa2de59b000-7fa2de5ed000 r--p 00000000 08:01 658687                     /usr/share/fonts/truetype/dejavu/DejaVuSansMono.ttf
7fa2de5ed000-7fa2de644000 r--p 00000000 08:01 786540                     /usr/share/fonts/truetype/ubuntu-font-family/Ubuntu-R.ttf
7fa2de682000-7fa2de683000 rwxp 00000000 00:00 0 
7fa2de695000-7fa2de698000 r--s 00035000 08:01 2884796                    /usr/lib/pycharm-community/plugins/terminal/lib/terminal.jar
7fa2de809000-7fa2de80c000 ---p 00000000 00:00 0 
7fa2de80c000-7fa2de90a000 rw-p 00000000 00:00 0                          [stack:3587]
7fa2de957000-7fa2de992000 r--s 00000000 08:01 7212938                    /var/cache/fontconfig/365b55f210c0a22e9a19e35191240f32-le64.cache-4
7fa2de992000-7fa2de993000 ---p 00000000 00:00 0 
7fa2de993000-7fa2df193000 rw-p 00000000 00:00 0                          [stack:3534]
7fa2df193000-7fa2df194000 ---p 00000000 00:00 0 
7fa2df194000-7fa2df994000 rw-p 00000000 00:00 0                          [stack:3533]
7fa2df994000-7fa2df9ad000 r-xp 00000000 08:01 131161                     /usr/lib/x86_64-linux-gnu/gio/modules/libgioremote-volume-monitor.so
7fa2df9ad000-7fa2dfbad000 ---p 00019000 08:01 131161                     /usr/lib/x86_64-linux-gnu/gio/modules/libgioremote-volume-monitor.so
7fa2dfbad000-7fa2dfbb0000 r--p 00019000 08:01 131161                     /usr/lib/x86_64-linux-gnu/gio/modules/libgioremote-volume-monitor.so
7fa2dfbb0000-7fa2dfbb1000 rw-p 0001c000 08:01 131161                     /usr/lib/x86_64-linux-gnu/gio/modules/libgioremote-volume-monitor.so
7fa2dfbb1000-7fa2dfbf5000 r-xp 00000000 08:01 10359132                   /lib/x86_64-linux-gnu/libdbus-1.so.3.7.6
7fa2dfbf5000-7fa2dfdf4000 ---p 00044000 08:01 10359132                   /lib/x86_64-linux-gnu/libdbus-1.so.3.7.6
7fa2dfdf4000-7fa2dfdf5000 r--p 00043000 08:01 10359132                   /lib/x86_64-linux-gnu/libdbus-1.so.3.7.6
7fa2dfdf5000-7fa2dfdf6000 rw-p 00044000 08:01 10359132                   /lib/x86_64-linux-gnu/libdbus-1.so.3.7.6
7fa2dfdf6000-7fa2dfdfe000 r-xp 00000000 08:01 10359066                   /lib/x86_64-linux-gnu/libnih-dbus.so.1.0.0
7fa2dfdfe000-7fa2dfffe000 ---p 00008000 08:01 10359066                   /lib/x86_64-linux-gnu/libnih-dbus.so.1.0.0
7fa2dfffe000-7fa2dffff000 r--p 00008000 08:01 10359066                   /lib/x86_64-linux-gnu/libnih-dbus.so.1.0.0
7fa2dffff000-7fa2e0000000 rw-p 00009000 08:01 10359066                   /lib/x86_64-linux-gnu/libnih-dbus.so.1.0.0
7fa2e0000000-7fa2e0032000 rw-p 00000000 00:00 0 
7fa2e0032000-7fa2e4000000 ---p 00000000 00:00 0 
7fa2e400d000-7fa2e4018000 r--s 00000000 08:01 7209049                    /var/cache/fontconfig/945677eb7aeaf62f1d50efc3fb3ec7d8-le64.cache-4
7fa2e4018000-7fa2e4021000 r--s 00000000 08:01 7219208                    /var/cache/fontconfig/a6d8cf8e4ec09cdbc8633c31745a07dd-le64.cache-4
7fa2e4021000-7fa2e4038000 r-xp 00000000 08:01 10359068                   /lib/x86_64-linux-gnu/libnih.so.1.0.0
7fa2e4038000-7fa2e4237000 ---p 00017000 08:01 10359068                   /lib/x86_64-linux-gnu/libnih.so.1.0.0
7fa2e4237000-7fa2e4238000 r--p 00016000 08:01 10359068                   /lib/x86_64-linux-gnu/libnih.so.1.0.0
7fa2e4238000-7fa2e4239000 rw-p 00017000 08:01 10359068                   /lib/x86_64-linux-gnu/libnih.so.1.0.0
7fa2e4239000-7fa2e4252000 r-xp 00000000 08:01 10359009                   /lib/x86_64-linux-gnu/libcgmanager.so.0.0.0
7fa2e4252000-7fa2e4451000 ---p 00019000 08:01 10359009                   /lib/x86_64-linux-gnu/libcgmanager.so.0.0.0
7fa2e4451000-7fa2e4453000 r--p 00018000 08:01 10359009                   /lib/x86_64-linux-gnu/libcgmanager.so.0.0.0
7fa2e4453000-7fa2e4454000 rw-p 0001a000 08:01 10359009                   /lib/x86_64-linux-gnu/libcgmanager.so.0.0.0
7fa2e4454000-7fa2e4464000 r-xp 00000000 08:01 10358931                   /lib/x86_64-linux-gnu/libudev.so.1.3.5
7fa2e4464000-7fa2e4663000 ---p 00010000 08:01 10358931                   /lib/x86_64-linux-gnu/libudev.so.1.3.5
7fa2e4663000-7fa2e4664000 r--p 0000f000 08:01 10358931                   /lib/x86_64-linux-gnu/libudev.so.1.3.5
7fa2e4664000-7fa2e4665000 rw-p 00010000 08:01 10358931                   /lib/x86_64-linux-gnu/libudev.so.1.3.5
7fa2e4665000-7fa2e4699000 r-xp 00000000 08:01 1226                       /usr/lib/x86_64-linux-gnu/gvfs/libgvfscommon.so
7fa2e4699000-7fa2e4899000 ---p 00034000 08:01 1226                       /usr/lib/x86_64-linux-gnu/gvfs/libgvfscommon.so
7fa2e4899000-7fa2e489e000 r--p 00034000 08:01 1226                       /usr/lib/x86_64-linux-gnu/gvfs/libgvfscommon.so
7fa2e489e000-7fa2e489f000 rw-p 00039000 08:01 1226                       /usr/lib/x86_64-linux-gnu/gvfs/libgvfscommon.so
7fa2e489f000-7fa2e48ce000 r-xp 00000000 08:01 131162                     /usr/lib/x86_64-linux-gnu/gio/modules/libgvfsdbus.so
7fa2e48ce000-7fa2e4ace000 ---p 0002f000 08:01 131162                     /usr/lib/x86_64-linux-gnu/gio/modules/libgvfsdbus.so
7fa2e4ace000-7fa2e4acf000 r--p 0002f000 08:01 131162                     /usr/lib/x86_64-linux-gnu/gio/modules/libgvfsdbus.so
7fa2e4acf000-7fa2e4ad0000 rw-p 00030000 08:01 131162                     /usr/lib/x86_64-linux-gnu/gio/modules/libgvfsdbus.so
7fa2e4ad0000-7fa2e4ad1000 rw-p 00000000 00:00 0 
7fa2e4ad1000-7fa2e4bb7000 r-xp 00000000 08:01 14287026                   /usr/lib/x86_64-linux-gnu/libstdc++.so.6.0.19
7fa2e4bb7000-7fa2e4db6000 ---p 000e6000 08:01 14287026                   /usr/lib/x86_64-linux-gnu/libstdc++.so.6.0.19
7fa2e4db6000-7fa2e4dbe000 r--p 000e5000 08:01 14287026                   /usr/lib/x86_64-linux-gnu/libstdc++.so.6.0.19
7fa2e4dbe000-7fa2e4dc0000 rw-p 000ed000 08:01 14287026                   /usr/lib/x86_64-linux-gnu/libstdc++.so.6.0.19
7fa2e4dc0000-7fa2e4dd5000 rw-p 00000000 00:00 0 
7fa2e4dd5000-7fa2e4df5000 r-xp 00000000 08:01 14295616                   /usr/lib/x86_64-linux-gnu/libproxy.so.1.0.0
7fa2e4df5000-7fa2e4ff4000 ---p 00020000 08:01 14295616                   /usr/lib/x86_64-linux-gnu/libproxy.so.1.0.0
7fa2e4ff4000-7fa2e4ff5000 r--p 0001f000 08:01 14295616                   /usr/lib/x86_64-linux-gnu/libproxy.so.1.0.0
7fa2e4ff5000-7fa2e4ff6000 rw-p 00020000 08:01 14295616                   /usr/lib/x86_64-linux-gnu/libproxy.so.1.0.0
7fa2e4ff9000-7fa2e51f9000 rw-p 00000000 00:00 0 
7fa2e51f9000-7fa2e5204000 r-xp 00000000 08:01 131157                     /usr/lib/x86_64-linux-gnu/gio/modules/libdconfsettings.so
7fa2e5204000-7fa2e5404000 ---p 0000b000 08:01 131157                     /usr/lib/x86_64-linux-gnu/gio/modules/libdconfsettings.so
7fa2e5404000-7fa2e5405000 r--p 0000b000 08:01 131157                     /usr/lib/x86_64-linux-gnu/gio/modules/libdconfsettings.so
7fa2e5405000-7fa2e5406000 rw-p 0000c000 08:01 131157                     /usr/lib/x86_64-linux-gnu/gio/modules/libdconfsettings.so
7fa2e5406000-7fa2e540d000 r-xp 00000000 08:01 14295556                   /usr/lib/x86_64-linux-gnu/libogg.so.0.8.1
7fa2e540d000-7fa2e560d000 ---p 00007000 08:01 14295556                   /usr/lib/x86_64-linux-gnu/libogg.so.0.8.1
7fa2e560d000-7fa2e560e000 r--p 00007000 08:01 14295556                   /usr/lib/x86_64-linux-gnu/libogg.so.0.8.1
7fa2e560e000-7fa2e560f000 rw-p 00008000 08:01 14295556                   /usr/lib/x86_64-linux-gnu/libogg.so.0.8.1
7fa2e560f000-7fa2e563b000 r-xp 00000000 08:01 14295828                   /usr/lib/x86_64-linux-gnu/libvorbis.so.0.4.5
7fa2e563b000-7fa2e583a000 ---p 0002c000 08:01 14295828                   /usr/lib/x86_64-linux-gnu/libvorbis.so.0.4.5
7fa2e583a000-7fa2e583b000 r--p 0002b000 08:01 14295828                   /usr/lib/x86_64-linux-gnu/libvorbis.so.0.4.5
7fa2e583b000-7fa2e583c000 rw-p 0002c000 08:01 14295828                   /usr/lib/x86_64-linux-gnu/libvorbis.so.0.4.5
7fa2e583c000-7fa2e5845000 r-xp 00000000 08:01 14295462                   /usr/lib/x86_64-linux-gnu/libltdl.so.7.3.0
7fa2e5845000-7fa2e5a44000 ---p 00009000 08:01 14295462                   /usr/lib/x86_64-linux-gnu/libltdl.so.7.3.0
7fa2e5a44000-7fa2e5a45000 r--p 00008000 08:01 14295462                   /usr/lib/x86_64-linux-gnu/libltdl.so.7.3.0
7fa2e5a45000-7fa2e5a46000 rw-p 00009000 08:01 14295462                   /usr/lib/x86_64-linux-gnu/libltdl.so.7.3.0
7fa2e5a46000-7fa2e5a5a000 r-xp 00000000 08:01 14293926                   /usr/lib/x86_64-linux-gnu/libtdb.so.1.3.8
7fa2e5a5a000-7fa2e5c59000 ---p 00014000 08:01 14293926                   /usr/lib/x86_64-linux-gnu/libtdb.so.1.3.8
7fa2e5c59000-7fa2e5c5a000 r--p 00013000 08:01 14293926                   /usr/lib/x86_64-linux-gnu/libtdb.so.1.3.8
7fa2e5c5a000-7fa2e5c5b000 rw-p 00014000 08:01 14293926                   /usr/lib/x86_64-linux-gnu/libtdb.so.1.3.8
7fa2e5c5b000-7fa2e5c62000 r-xp 00000000 08:01 14295832                   /usr/lib/x86_64-linux-gnu/libvorbisfile.so.3.3.4
7fa2e5c62000-7fa2e5e61000 ---p 00007000 08:01 14295832                   /usr/lib/x86_64-linux-gnu/libvorbisfile.so.3.3.4
7fa2e5e61000-7fa2e5e62000 r--p 00006000 08:01 14295832                   /usr/lib/x86_64-linux-gnu/libvorbisfile.so.3.3.4
7fa2e5e62000-7fa2e5e63000 rw-p 00007000 08:01 14295832                   /usr/lib/x86_64-linux-gnu/libvorbisfile.so.3.3.4
7fa2e5e63000-7fa2e5e72000 r-xp 00000000 08:01 14294974                   /usr/lib/x86_64-linux-gnu/libcanberra.so.0.2.5
7fa2e5e72000-7fa2e6071000 ---p 0000f000 08:01 14294974                   /usr/lib/x86_64-linux-gnu/libcanberra.so.0.2.5
7fa2e6071000-7fa2e6072000 r--p 0000e000 08:01 14294974                   /usr/lib/x86_64-linux-gnu/libcanberra.so.0.2.5
7fa2e6072000-7fa2e6073000 rw-p 0000f000 08:01 14294974                   /usr/lib/x86_64-linux-gnu/libcanberra.so.0.2.5
7fa2e6073000-7fa2e6077000 r-xp 00000000 08:01 14294970                   /usr/lib/x86_64-linux-gnu/libcanberra-gtk.so.0.1.9
7fa2e6077000-7fa2e6276000 ---p 00004000 08:01 14294970                   /usr/lib/x86_64-linux-gnu/libcanberra-gtk.so.0.1.9
7fa2e6276000-7fa2e6277000 r--p 00003000 08:01 14294970                   /usr/lib/x86_64-linux-gnu/libcanberra-gtk.so.0.1.9
7fa2e6277000-7fa2e6278000 rw-p 00004000 08:01 14294970                   /usr/lib/x86_64-linux-gnu/libcanberra-gtk.so.0.1.9
7fa2e6278000-7fa2e627d000 r-xp 00000000 08:01 131191                     /usr/lib/x86_64-linux-gnu/gtk-2.0/modules/libcanberra-gtk-module.so
7fa2e627d000-7fa2e647c000 ---p 00005000 08:01 131191                     /usr/lib/x86_64-linux-gnu/gtk-2.0/modules/libcanberra-gtk-module.so
7fa2e647c000-7fa2e647d000 r--p 00004000 08:01 131191                     /usr/lib/x86_64-linux-gnu/gtk-2.0/modules/libcanberra-gtk-module.so
7fa2e647d000-7fa2e647e000 rw-p 00005000 08:01 131191                     /usr/lib/x86_64-linux-gnu/gtk-2.0/modules/libcanberra-gtk-module.so
7fa2e647e000-7fa2e64ad000 r-xp 00000000 08:01 131173                     /usr/lib/x86_64-linux-gnu/gtk-2.0/2.10.0/engines/libmurrine.so
7fa2e64ad000-7fa2e66ad000 ---p 0002f000 08:01 131173                     /usr/lib/x86_64-linux-gnu/gtk-2.0/2.10.0/engines/libmurrine.so
7fa2e66ad000-7fa2e66ae000 r--p 0002f000 08:01 131173                     /usr/lib/x86_64-linux-gnu/gtk-2.0/2.10.0/engines/libmurrine.so
7fa2e66ae000-7fa2e66af000 rw-p 00030000 08:01 131173                     /usr/lib/x86_64-linux-gnu/gtk-2.0/2.10.0/engines/libmurrine.so
7fa2e66af000-7fa2e66bf000 r-xp 00000000 08:01 14295798                   /usr/lib/x86_64-linux-gnu/libunity-gtk2-parser.so.0.0.0
7fa2e66bf000-7fa2e68be000 ---p 00010000 08:01 14295798                   /usr/lib/x86_64-linux-gnu/libunity-gtk2-parser.so.0.0.0
7fa2e68be000-7fa2e68bf000 r--p 0000f000 08:01 14295798                   /usr/lib/x86_64-linux-gnu/libunity-gtk2-parser.so.0.0.0
7fa2e68bf000-7fa2e68c0000 rw-p 00010000 08:01 14295798                   /usr/lib/x86_64-linux-gnu/libunity-gtk2-parser.so.0.0.0
7fa2e68c0000-7fa2e68c5000 r-xp 00000000 08:01 131195                     /usr/lib/x86_64-linux-gnu/gtk-2.0/modules/libunity-gtk-module.so
7fa2e68c5000-7fa2e6ac4000 ---p 00005000 08:01 131195                     /usr/lib/x86_64-linux-gnu/gtk-2.0/modules/libunity-gtk-module.so
7fa2e6ac4000-7fa2e6ac5000 r--p 00004000 08:01 131195                     /usr/lib/x86_64-linux-gnu/gtk-2.0/modules/libunity-gtk-module.so
7fa2e6ac5000-7fa2e6ac6000 rw-p 00005000 08:01 131195                     /usr/lib/x86_64-linux-gnu/gtk-2.0/modules/libunity-gtk-module.so
7fa2e6ac6000-7fa2e6ad7000 r-xp 00000000 08:01 131194                     /usr/lib/x86_64-linux-gnu/gtk-2.0/modules/liboverlay-scrollbar.so
7fa2e6ad7000-7fa2e6cd6000 ---p 00011000 08:01 131194                     /usr/lib/x86_64-linux-gnu/gtk-2.0/modules/liboverlay-scrollbar.so
7fa2e6cd6000-7fa2e6cd7000 r--p 00010000 08:01 131194                     /usr/lib/x86_64-linux-gnu/gtk-2.0/modules/liboverlay-scrollbar.so
7fa2e6cd7000-7fa2e6cd8000 rw-p 00011000 08:01 131194                     /usr/lib/x86_64-linux-gnu/gtk-2.0/modules/liboverlay-scrollbar.so
7fa2e6cd8000-7fa2e6cd9000 r-xp 00000000 08:01 14295355                   /usr/lib/x86_64-linux-gnu/libgthread-2.0.so.0.4002.0
7fa2e6cd9000-7fa2e6ed8000 ---p 00001000 08:01 14295355                   /usr/lib/x86_64-linux-gnu/libgthread-2.0.so.0.4002.0
7fa2e6ed8000-7fa2e6ed9000 r--p 00000000 08:01 14295355                   /usr/lib/x86_64-linux-gnu/libgthread-2.0.so.0.4002.0
7fa2e6ed9000-7fa2e6eda000 rw-p 00001000 08:01 14295355                   /usr/lib/x86_64-linux-gnu/libgthread-2.0.so.0.4002.0
7fa2e6eda000-7fa2e6ee0000 r-xp 00000000 08:01 14295038                   /usr/lib/x86_64-linux-gnu/libdatrie.so.1.3.1
7fa2e6ee0000-7fa2e70df000 ---p 00006000 08:01 14295038                   /usr/lib/x86_64-linux-gnu/libdatrie.so.1.3.1
7fa2e70df000-7fa2e70e0000 r--p 00005000 08:01 14295038                   /usr/lib/x86_64-linux-gnu/libdatrie.so.1.3.1
7fa2e70e0000-7fa2e70e1000 rw-p 00006000 08:01 14295038                   /usr/lib/x86_64-linux-gnu/libdatrie.so.1.3.1
7fa2e70e1000-7fa2e70fb000 r-xp 00000000 08:01 14295266                   /usr/lib/x86_64-linux-gnu/libgraphite2.so.3.0.1
7fa2e70fb000-7fa2e72fa000 ---p 0001a000 08:01 14295266                   /usr/lib/x86_64-linux-gnu/libgraphite2.so.3.0.1
7fa2e72fa000-7fa2e72fc000 r--p 00019000 08:01 14295266                   /usr/lib/x86_64-linux-gnu/libgraphite2.so.3.0.1
7fa2e72fc000-7fa2e72fd000 rw-p 0001b000 08:01 14295266                   /usr/lib/x86_64-linux-gnu/libgraphite2.so.3.0.1
7fa2e72fd000-7fa2e733a000 r-xp 00000000 08:01 10359310                   /lib/x86_64-linux-gnu/libpcre.so.3.13.1
7fa2e733a000-7fa2e7539000 ---p 0003d000 08:01 10359310                   /lib/x86_64-linux-gnu/libpcre.so.3.13.1
7fa2e7539000-7fa2e753a000 r--p 0003c000 08:01 10359310                   /lib/x86_64-linux-gnu/libpcre.so.3.13.1
7fa2e753a000-7fa2e753b000 rw-p 0003d000 08:01 10359310                   /lib/x86_64-linux-gnu/libpcre.so.3.13.1
7fa2e753b000-7fa2e7542000 r-xp 00000000 08:01 14295119                   /usr/lib/x86_64-linux-gnu/libffi.so.6.0.1
7fa2e7542000-7fa2e7741000 ---p 00007000 08:01 14295119                   /usr/lib/x86_64-linux-gnu/libffi.so.6.0.1
7fa2e7741000-7fa2e7742000 r--p 00006000 08:01 14295119                   /usr/lib/x86_64-linux-gnu/libffi.so.6.0.1
7fa2e7742000-7fa2e7743000 rw-p 00007000 08:01 14295119                   /usr/lib/x86_64-linux-gnu/libffi.so.6.0.1
7fa2e7743000-7fa2e776a000 r-xp 00000000 08:01 10359025                   /lib/x86_64-linux-gnu/libexpat.so.1.6.0
7fa2e776a000-7fa2e796a000 ---p 00027000 08:01 10359025                   /lib/x86_64-linux-gnu/libexpat.so.1.6.0
7fa2e796a000-7fa2e796c000 r--p 00027000 08:01 10359025                   /lib/x86_64-linux-gnu/libexpat.so.1.6.0
7fa2e796c000-7fa2e796d000 rw-p 00029000 08:01 10359025                   /lib/x86_64-linux-gnu/libexpat.so.1.6.0
7fa2e796d000-7fa2e79c0000 r-xp 00000000 08:01 14295379                   /usr/lib/x86_64-linux-gnu/libharfbuzz.so.0.927.0
7fa2e79c0000-7fa2e7bc0000 ---p 00053000 08:01 14295379                   /usr/lib/x86_64-linux-gnu/libharfbuzz.so.0.927.0
7fa2e7bc0000-7fa2e7bc1000 r--p 00053000 08:01 14295379                   /usr/lib/x86_64-linux-gnu/libharfbuzz.so.0.927.0
7fa2e7bc1000-7fa2e7bc2000 rw-p 00054000 08:01 14295379                   /usr/lib/x86_64-linux-gnu/libharfbuzz.so.0.927.0
7fa2e7bc2000-7fa2e7bd9000 r-xp 00000000 08:01 10354693                   /lib/x86_64-linux-gnu/libresolv-2.19.so
7fa2e7bd9000-7fa2e7dd9000 ---p 00017000 08:01 10354693                   /lib/x86_64-linux-gnu/libresolv-2.19.so
7fa2e7dd9000-7fa2e7dda000 r--p 00017000 08:01 10354693                   /lib/x86_64-linux-gnu/libresolv-2.19.so
7fa2e7dda000-7fa2e7ddb000 rw-p 00018000 08:01 10354693                   /lib/x86_64-linux-gnu/libresolv-2.19.so
7fa2e7ddb000-7fa2e7ddd000 rw-p 00000000 00:00 0 
7fa2e7ddd000-7fa2e7dfd000 r-xp 00000000 08:01 10359134                   /lib/x86_64-linux-gnu/libselinux.so.1
7fa2e7dfd000-7fa2e7ffc000 ---p 00020000 08:01 10359134                   /lib/x86_64-linux-gnu/libselinux.so.1
7fa2e7ffc000-7fa2e7ffd000 r--p 0001f000 08:01 10359134                   /lib/x86_64-linux-gnu/libselinux.so.1
7fa2e7ffd000-7fa2e7ffe000 rw-p 00020000 08:01 10359134                   /lib/x86_64-linux-gnu/libselinux.so.1
7fa2e7ffe000-7fa2e8000000 rw-p 00000000 00:00 0 
7fa2e8000000-7fa2e8033000 rw-p 00000000 00:00 0 
7fa2e8033000-7fa2ec000000 ---p 00000000 00:00 0 
7fa2ec000000-7fa2ec021000 rw-p 00000000 00:00 0 
7fa2ec021000-7fa2f0000000 ---p 00000000 00:00 0 
7fa2f0000000-7fa2f0004000 r--s 00097000 08:01 2886185                    /usr/lib/pycharm-community/jre/jre/lib/jsse.jar
7fa2f0004000-7fa2f0005000 r--p 00000000 00:00 0 
7fa2f0005000-7fa2f0006000 r--s 00000000 08:01 7209055                    /var/cache/fontconfig/c05880de57d1f5e948fdfacc138775d9-le64.cache-4
7fa2f0006000-7fa2f0008000 r--s 00000000 08:01 7219209                    /var/cache/fontconfig/99e8ed0e538f840c565b6ed5dad60d56-le64.cache-4
7fa2f0008000-7fa2f000e000 r--s 00000000 08:01 7209035                    /var/cache/fontconfig/2cd17615ca594fa2959ae173292e504c-le64.cache-4
7fa2f000e000-7fa2f000f000 r--s 00000000 08:01 7209065                    /var/cache/fontconfig/e7071f4a29fa870f4323321c154eba04-le64.cache-4
7fa2f000f000-7fa2f0010000 r--s 00000000 08:01 7209032                    /var/cache/fontconfig/0d8c3b2ac0904cb8a57a757ad11a4a08-le64.cache-4
7fa2f0010000-7fa2f0018000 r-xp 00000000 08:01 14295763                   /usr/lib/x86_64-linux-gnu/libthai.so.0.2.0
7fa2f0018000-7fa2f0217000 ---p 00008000 08:01 14295763                   /usr/lib/x86_64-linux-gnu/libthai.so.0.2.0
7fa2f0217000-7fa2f0218000 r--p 00007000 08:01 14295763                   /usr/lib/x86_64-linux-gnu/libthai.so.0.2.0
7fa2f0218000-7fa2f0219000 rw-p 00008000 08:01 14295763                   /usr/lib/x86_64-linux-gnu/libthai.so.0.2.0
7fa2f0219000-7fa2f0221000 r-xp 00000000 08:01 14295887                   /usr/lib/x86_64-linux-gnu/libxcb-render.so.0.0.0
7fa2f0221000-7fa2f0420000 ---p 00008000 08:01 14295887                   /usr/lib/x86_64-linux-gnu/libxcb-render.so.0.0.0
7fa2f0420000-7fa2f0421000 r--p 00007000 08:01 14295887                   /usr/lib/x86_64-linux-gnu/libxcb-render.so.0.0.0
7fa2f0421000-7fa2f0422000 rw-p 00008000 08:01 14295887                   /usr/lib/x86_64-linux-gnu/libxcb-render.so.0.0.0
7fa2f0422000-7fa2f0424000 r-xp 00000000 08:01 14295891                   /usr/lib/x86_64-linux-gnu/libxcb-shm.so.0.0.0
7fa2f0424000-7fa2f0623000 ---p 00002000 08:01 14295891                   /usr/lib/x86_64-linux-gnu/libxcb-shm.so.0.0.0
7fa2f0623000-7fa2f0624000 r--p 00001000 08:01 14295891                   /usr/lib/x86_64-linux-gnu/libxcb-shm.so.0.0.0
7fa2f0624000-7fa2f0625000 rw-p 00002000 08:01 14295891                   /usr/lib/x86_64-linux-gnu/libxcb-shm.so.0.0.0
7fa2f0625000-7fa2f06c6000 r-xp 00000000 08:01 14295595                   /usr/lib/x86_64-linux-gnu/libpixman-1.so.0.30.2
7fa2f06c6000-7fa2f08c6000 ---p 000a1000 08:01 14295595                   /usr/lib/x86_64-linux-gnu/libpixman-1.so.0.30.2
7fa2f08c6000-7fa2f08cd000 r--p 000a1000 08:01 14295595                   /usr/lib/x86_64-linux-gnu/libpixman-1.so.0.30.2
7fa2f08cd000-7fa2f08ce000 rw-p 000a8000 08:01 14295595                   /usr/lib/x86_64-linux-gnu/libpixman-1.so.0.30.2
7fa2f08ce000-7fa2f08d0000 r-xp 00000000 08:01 14294842                   /usr/lib/x86_64-linux-gnu/libXdamage.so.1.1.0
7fa2f08d0000-7fa2f0acf000 ---p 00002000 08:01 14294842                   /usr/lib/x86_64-linux-gnu/libXdamage.so.1.1.0
7fa2f0acf000-7fa2f0ad0000 r--p 00001000 08:01 14294842                   /usr/lib/x86_64-linux-gnu/libXdamage.so.1.1.0
7fa2f0ad0000-7fa2f0ad1000 rw-p 00002000 08:01 14294842                   /usr/lib/x86_64-linux-gnu/libXdamage.so.1.1.0
7fa2f0ad1000-7fa2f0ad3000 r-xp 00000000 08:01 14294838                   /usr/lib/x86_64-linux-gnu/libXcomposite.so.1.0.0
7fa2f0ad3000-7fa2f0cd2000 ---p 00002000 08:01 14294838                   /usr/lib/x86_64-linux-gnu/libXcomposite.so.1.0.0
7fa2f0cd2000-7fa2f0cd3000 r--p 00001000 08:01 14294838                   /usr/lib/x86_64-linux-gnu/libXcomposite.so.1.0.0
7fa2f0cd3000-7fa2f0cd4000 rw-p 00002000 08:01 14294838                   /usr/lib/x86_64-linux-gnu/libXcomposite.so.1.0.0
7fa2f0cd4000-7fa2f0cdd000 r-xp 00000000 08:01 14301551                   /usr/lib/x86_64-linux-gnu/libXrandr.so.2.2.0
7fa2f0cdd000-7fa2f0edc000 ---p 00009000 08:01 14301551                   /usr/lib/x86_64-linux-gnu/libXrandr.so.2.2.0
7fa2f0edc000-7fa2f0edd000 r--p 00008000 08:01 14301551                   /usr/lib/x86_64-linux-gnu/libXrandr.so.2.2.0
7fa2f0edd000-7fa2f0ede000 rw-p 00009000 08:01 14301551                   /usr/lib/x86_64-linux-gnu/libXrandr.so.2.2.0
7fa2f0ede000-7fa2f0ee0000 r-xp 00000000 08:01 14294856                   /usr/lib/x86_64-linux-gnu/libXinerama.so.1.0.0
7fa2f0ee0000-7fa2f10df000 ---p 00002000 08:01 14294856                   /usr/lib/x86_64-linux-gnu/libXinerama.so.1.0.0
7fa2f10df000-7fa2f10e0000 r--p 00001000 08:01 14294856                   /usr/lib/x86_64-linux-gnu/libXinerama.so.1.0.0
7fa2f10e0000-7fa2f10e1000 rw-p 00002000 08:01 14294856                   /usr/lib/x86_64-linux-gnu/libXinerama.so.1.0.0
7fa2f10e1000-7fa2f11e7000 r-xp 00000000 08:01 10359035                   /lib/x86_64-linux-gnu/libglib-2.0.so.0.4002.0
7fa2f11e7000-7fa2f13e6000 ---p 00106000 08:01 10359035                   /lib/x86_64-linux-gnu/libglib-2.0.so.0.4002.0
7fa2f13e6000-7fa2f13e7000 r--p 00105000 08:01 10359035                   /lib/x86_64-linux-gnu/libglib-2.0.so.0.4002.0
7fa2f13e7000-7fa2f13e8000 rw-p 00106000 08:01 10359035                   /lib/x86_64-linux-gnu/libglib-2.0.so.0.4002.0
7fa2f13e8000-7fa2f13e9000 rw-p 00000000 00:00 0 
7fa2f13e9000-7fa2f1438000 r-xp 00000000 08:01 14295248                   /usr/lib/x86_64-linux-gnu/libgobject-2.0.so.0.4002.0
7fa2f1438000-7fa2f1638000 ---p 0004f000 08:01 14295248                   /usr/lib/x86_64-linux-gnu/libgobject-2.0.so.0.4002.0
7fa2f1638000-7fa2f1639000 r--p 0004f000 08:01 14295248                   /usr/lib/x86_64-linux-gnu/libgobject-2.0.so.0.4002.0
7fa2f1639000-7fa2f163a000 rw-p 00050000 08:01 14295248                   /usr/lib/x86_64-linux-gnu/libgobject-2.0.so.0.4002.0
7fa2f163a000-7fa2f1674000 r-xp 00000000 08:01 14295133                   /usr/lib/x86_64-linux-gnu/libfontconfig.so.1.8.0
7fa2f1674000-7fa2f1873000 ---p 0003a000 08:01 14295133                   /usr/lib/x86_64-linux-gnu/libfontconfig.so.1.8.0
7fa2f1873000-7fa2f1875000 r--p 00039000 08:01 14295133                   /usr/lib/x86_64-linux-gnu/libfontconfig.so.1.8.0
7fa2f1875000-7fa2f1876000 rw-p 0003b000 08:01 14295133                   /usr/lib/x86_64-linux-gnu/libfontconfig.so.1.8.0
7fa2f1876000-7fa2f18c0000 r-xp 00000000 08:01 14295572                   /usr/lib/x86_64-linux-gnu/libpango-1.0.so.0.3600.3
7fa2f18c0000-7fa2f1ac0000 ---p 0004a000 08:01 14295572                   /usr/lib/x86_64-linux-gnu/libpango-1.0.so.0.3600.3
7fa2f1ac0000-7fa2f1ac2000 r--p 0004a000 08:01 14295572                   /usr/lib/x86_64-linux-gnu/libpango-1.0.so.0.3600.3
7fa2f1ac2000-7fa2f1ac3000 rw-p 0004c000 08:01 14295572                   /usr/lib/x86_64-linux-gnu/libpango-1.0.so.0.3600.3
7fa2f1ac3000-7fa2f1ad7000 r-xp 00000000 08:01 14295576                   /usr/lib/x86_64-linux-gnu/libpangoft2-1.0.so.0.3600.3
7fa2f1ad7000-7fa2f1cd6000 ---p 00014000 08:01 14295576                   /usr/lib/x86_64-linux-gnu/libpangoft2-1.0.so.0.3600.3
7fa2f1cd6000-7fa2f1cd7000 r--p 00013000 08:01 14295576                   /usr/lib/x86_64-linux-gnu/libpangoft2-1.0.so.0.3600.3
7fa2f1cd7000-7fa2f1cd8000 rw-p 00014000 08:01 14295576                   /usr/lib/x86_64-linux-gnu/libpangoft2-1.0.so.0.3600.3
7fa2f1cd8000-7fa2f1e44000 r-xp 00000000 08:01 14295220                   /usr/lib/x86_64-linux-gnu/libgio-2.0.so.0.4002.0
7fa2f1e44000-7fa2f2043000 ---p 0016c000 08:01 14295220                   /usr/lib/x86_64-linux-gnu/libgio-2.0.so.0.4002.0
7fa2f2043000-7fa2f2047000 r--p 0016b000 08:01 14295220                   /usr/lib/x86_64-linux-gnu/libgio-2.0.so.0.4002.0
7fa2f2047000-7fa2f2049000 rw-p 0016f000 08:01 14295220                   /usr/lib/x86_64-linux-gnu/libgio-2.0.so.0.4002.0
7fa2f2049000-7fa2f204b000 rw-p 00000000 00:00 0 
7fa2f204b000-7fa2f206b000 r-xp 00000000 08:01 14295196                   /usr/lib/x86_64-linux-gnu/libgdk_pixbuf-2.0.so.0.3000.7
7fa2f206b000-7fa2f226a000 ---p 00020000 08:01 14295196                   /usr/lib/x86_64-linux-gnu/libgdk_pixbuf-2.0.so.0.3000.7
7fa2f226a000-7fa2f226b000 r--p 0001f000 08:01 14295196                   /usr/lib/x86_64-linux-gnu/libgdk_pixbuf-2.0.so.0.3000.7
7fa2f226b000-7fa2f226c000 rw-p 00020000 08:01 14295196                   /usr/lib/x86_64-linux-gnu/libgdk_pixbuf-2.0.so.0.3000.7
7fa2f226c000-7fa2f2372000 r-xp 00000000 08:01 14294966                   /usr/lib/x86_64-linux-gnu/libcairo.so.2.11301.0
7fa2f2372000-7fa2f2571000 ---p 00106000 08:01 14294966                   /usr/lib/x86_64-linux-gnu/libcairo.so.2.11301.0
7fa2f2571000-7fa2f2574000 r--p 00105000 08:01 14294966                   /usr/lib/x86_64-linux-gnu/libcairo.so.2.11301.0
7fa2f2574000-7fa2f2575000 rw-p 00108000 08:01 14294966                   /usr/lib/x86_64-linux-gnu/libcairo.so.2.11301.0
7fa2f2575000-7fa2f2577000 rw-p 00000000 00:00 0 
7fa2f2577000-7fa2f2596000 r-xp 00000000 08:01 14294927                   /usr/lib/x86_64-linux-gnu/libatk-1.0.so.0.21009.1
7fa2f2596000-7fa2f2796000 ---p 0001f000 08:01 14294927                   /usr/lib/x86_64-linux-gnu/libatk-1.0.so.0.21009.1
7fa2f2796000-7fa2f2798000 r--p 0001f000 08:01 14294927                   /usr/lib/x86_64-linux-gnu/libatk-1.0.so.0.21009.1
7fa2f2798000-7fa2f2799000 rw-p 00021000 08:01 14294927                   /usr/lib/x86_64-linux-gnu/libatk-1.0.so.0.21009.1
7fa2f2799000-7fa2f27a4000 r-xp 00000000 08:01 14295574                   /usr/lib/x86_64-linux-gnu/libpangocairo-1.0.so.0.3600.3
7fa2f27a4000-7fa2f29a4000 ---p 0000b000 08:01 14295574                   /usr/lib/x86_64-linux-gnu/libpangocairo-1.0.so.0.3600.3
7fa2f29a4000-7fa2f29a5000 r--p 0000b000 08:01 14295574                   /usr/lib/x86_64-linux-gnu/libpangocairo-1.0.so.0.3600.3
7fa2f29a5000-7fa2f29a6000 rw-p 0000c000 08:01 14295574                   /usr/lib/x86_64-linux-gnu/libpangocairo-1.0.so.0.3600.3
7fa2f29a6000-7fa2f29a9000 r-xp 00000000 08:01 14295232                   /usr/lib/x86_64-linux-gnu/libgmodule-2.0.so.0.4002.0
7fa2f29a9000-7fa2f2ba8000 ---p 00003000 08:01 14295232                   /usr/lib/x86_64-linux-gnu/libgmodule-2.0.so.0.4002.0
7fa2f2ba8000-7fa2f2ba9000 r--p 00002000 08:01 14295232                   /usr/lib/x86_64-linux-gnu/libgmodule-2.0.so.0.4002.0
7fa2f2ba9000-7fa2f2baa000 rw-p 00003000 08:01 14295232                   /usr/lib/x86_64-linux-gnu/libgmodule-2.0.so.0.4002.0
7fa2f2baa000-7fa2f2c57000 r-xp 00000000 08:01 14295194                   /usr/lib/x86_64-linux-gnu/libgdk-x11-2.0.so.0.2400.23
7fa2f2c57000-7fa2f2e57000 ---p 000ad000 08:01 14295194                   /usr/lib/x86_64-linux-gnu/libgdk-x11-2.0.so.0.2400.23
7fa2f2e57000-7fa2f2e5b000 r--p 000ad000 08:01 14295194                   /usr/lib/x86_64-linux-gnu/libgdk-x11-2.0.so.0.2400.23
7fa2f2e5b000-7fa2f2e5d000 rw-p 000b1000 08:01 14295194                   /usr/lib/x86_64-linux-gnu/libgdk-x11-2.0.so.0.2400.23
7fa2f2e5d000-7fa2f328d000 r-xp 00000000 08:01 14295359                   /usr/lib/x86_64-linux-gnu/libgtk-x11-2.0.so.0.2400.23
7fa2f328d000-7fa2f348c000 ---p 00430000 08:01 14295359                   /usr/lib/x86_64-linux-gnu/libgtk-x11-2.0.so.0.2400.23
7fa2f348c000-7fa2f3493000 r--p 0042f000 08:01 14295359                   /usr/lib/x86_64-linux-gnu/libgtk-x11-2.0.so.0.2400.23
7fa2f3493000-7fa2f3497000 rw-p 00436000 08:01 14295359                   /usr/lib/x86_64-linux-gnu/libgtk-x11-2.0.so.0.2400.23
7fa2f3497000-7fa2f349a000 rw-p 00000000 00:00 0 
7fa2f349a000-7fa2f349d000 ---p 00000000 00:00 0 
7fa2f349d000-7fa2f359b000 rw-p 00000000 00:00 0                          [stack:3531]
7fa2f359b000-7fa2f35a0000 r-xp 00000000 08:01 14294848                   /usr/lib/x86_64-linux-gnu/libXfixes.so.3.1.0
7fa2f35a0000-7fa2f379f000 ---p 00005000 08:01 14294848                   /usr/lib/x86_64-linux-gnu/libXfixes.so.3.1.0
7fa2f379f000-7fa2f37a0000 r--p 00004000 08:01 14294848                   /usr/lib/x86_64-linux-gnu/libXfixes.so.3.1.0
7fa2f37a0000-7fa2f37a1000 rw-p 00005000 08:01 14294848                   /usr/lib/x86_64-linux-gnu/libXfixes.so.3.1.0
7fa2f37a1000-7fa2f37aa000 r-xp 00000000 08:01 14294840                   /usr/lib/x86_64-linux-gnu/libXcursor.so.1.0.2
7fa2f37aa000-7fa2f39a9000 ---p 00009000 08:01 14294840                   /usr/lib/x86_64-linux-gnu/libXcursor.so.1.0.2
7fa2f39a9000-7fa2f39aa000 r--p 00008000 08:01 14294840                   /usr/lib/x86_64-linux-gnu/libXcursor.so.1.0.2
7fa2f39aa000-7fa2f39ab000 rw-p 00009000 08:01 14294840                   /usr/lib/x86_64-linux-gnu/libXcursor.so.1.0.2
7fa2f39ab000-7fa2f39d0000 r-xp 00000000 08:01 10359119                   /lib/x86_64-linux-gnu/libpng12.so.0.50.0
7fa2f39d0000-7fa2f3bcf000 ---p 00025000 08:01 10359119                   /lib/x86_64-linux-gnu/libpng12.so.0.50.0
7fa2f3bcf000-7fa2f3bd0000 r--p 00024000 08:01 10359119                   /lib/x86_64-linux-gnu/libpng12.so.0.50.0
7fa2f3bd0000-7fa2f3bd1000 rw-p 00025000 08:01 10359119                   /lib/x86_64-linux-gnu/libpng12.so.0.50.0
7fa2f3bd1000-7fa2f3be9000 r-xp 00000000 08:01 10359167                   /lib/x86_64-linux-gnu/libz.so.1.2.8
7fa2f3be9000-7fa2f3de8000 ---p 00018000 08:01 10359167                   /lib/x86_64-linux-gnu/libz.so.1.2.8
7fa2f3de8000-7fa2f3de9000 r--p 00017000 08:01 10359167                   /lib/x86_64-linux-gnu/libz.so.1.2.8
7fa2f3de9000-7fa2f3dea000 rw-p 00018000 08:01 10359167                   /lib/x86_64-linux-gnu/libz.so.1.2.8
7fa2f3dea000-7fa2f3e00000 r-xp 00000000 08:01 10359031                   /lib/x86_64-linux-gnu/libgcc_s.so.1
7fa2f3e00000-7fa2f3fff000 ---p 00016000 08:01 10359031                   /lib/x86_64-linux-gnu/libgcc_s.so.1
7fa2f3fff000-7fa2f4000000 rw-p 00015000 08:01 10359031                   /lib/x86_64-linux-gnu/libgcc_s.so.1
7fa2f4000000-7fa2f594e000 rw-p 00000000 00:00 0 
7fa2f594e000-7fa2f8000000 ---p 00000000 00:00 0 
7fa2f8000000-7fa2f8021000 rw-p 00000000 00:00 0 
7fa2f8021000-7fa2fc000000 ---p 00000000 00:00 0 
7fa2fc000000-7fa2fe696000 rw-p 00000000 00:00 0 
7fa2fe696000-7fa300000000 ---p 00000000 00:00 0 
7fa300000000-7fa302baf000 rw-p 00000000 00:00 0 
7fa302baf000-7fa304000000 ---p 00000000 00:00 0 
7fa304000000-7fa304021000 rw-p 00000000 00:00 0 
7fa304021000-7fa308000000 ---p 00000000 00:00 0 
7fa308000000-7fa308021000 rw-p 00000000 00:00 0 
7fa308021000-7fa30c000000 ---p 00000000 00:00 0 
7fa30c000000-7fa30c021000 rw-p 00000000 00:00 0 
7fa30c021000-7fa310000000 ---p 00000000 00:00 0 
7fa310000000-7fa310021000 rw-p 00000000 00:00 0 
7fa310021000-7fa314000000 ---p 00000000 00:00 0 
7fa314000000-7fa314641000 rw-p 00000000 00:00 0 
7fa314641000-7fa318000000 ---p 00000000 00:00 0 
7fa318000000-7fa318007000 r--s 00000000 08:01 7209052                    /var/cache/fontconfig/a755afe4a08bf5b97852ceb7400b47bc-le64.cache-4
7fa318007000-7fa31801b000 r--s 00000000 08:01 7209030                    /var/cache/fontconfig/04aabc0a78ac019cf9454389977116d2-le64.cache-4
7fa31801b000-7fa31801c000 r--s 00000000 08:01 7209034                    /var/cache/fontconfig/1ac9eb803944fde146138c791f5cc56a-le64.cache-4
7fa31801c000-7fa318020000 r--s 00000000 08:01 7209038                    /var/cache/fontconfig/385c0604a188198f04d133e54aba7fe7-le64.cache-4
7fa318020000-7fa318022000 r--s 00000000 08:01 7209046                    /var/cache/fontconfig/767a8244fc0220cfb567a839d0392e0b-le64.cache-4
7fa318022000-7fa318027000 r--s 00000000 08:01 7209048                    /var/cache/fontconfig/8801497958630a81b71ace7c5f9b32a8-le64.cache-4
7fa318027000-7fa31802e000 r--s 00000000 08:01 7209036                    /var/cache/fontconfig/3047814df9a2f067bd2d96a2b9c36e5a-le64.cache-4
7fa31802e000-7fa318034000 r--s 00000000 08:01 7209053                    /var/cache/fontconfig/b47c4e1ecd0709278f4910c18777a504-le64.cache-4
7fa318034000-7fa31803d000 r--s 00000000 08:01 7219207                    /var/cache/fontconfig/52f7bdb7ce746bfd7eaa1985bd9cfa93-le64.cache-4
7fa31803d000-7fa318050000 r--s 00000000 08:01 7209059                    /var/cache/fontconfig/d52a8644073d54c13679302ca1180695-le64.cache-4
7fa318050000-7fa318059000 r--s 00000000 08:01 7209039                    /var/cache/fontconfig/3f7329c5293ffd510edef78f73874cfd-le64.cache-4
7fa318059000-7fa318064000 r--s 00000000 08:01 7218495                    /var/cache/fontconfig/d589a48862398ed80a3d6066f4f56f4c-le64.cache-4
7fa318064000-7fa3180a4000 r--p 00000000 08:01 786671                     /usr/share/glib-2.0/schemas/gschemas.compiled
7fa3180a4000-7fa3180a7000 ---p 00000000 00:00 0 
7fa3180a7000-7fa3181a5000 rw-p 00000000 00:00 0                          [stack:3530]
7fa3181a5000-7fa318242000 r-xp 00000000 08:01 14295161                   /usr/lib/x86_64-linux-gnu/libfreetype.so.6.11.1
7fa318242000-7fa318441000 ---p 0009d000 08:01 14295161                   /usr/lib/x86_64-linux-gnu/libfreetype.so.6.11.1
7fa318441000-7fa318447000 r--p 0009c000 08:01 14295161                   /usr/lib/x86_64-linux-gnu/libfreetype.so.6.11.1
7fa318447000-7fa318448000 rw-p 000a2000 08:01 14295161                   /usr/lib/x86_64-linux-gnu/libfreetype.so.6.11.1
7fa318448000-7fa318449000 r--s 00000000 08:01 7209062                    /var/cache/fontconfig/dc05db6664285cc2f12bf69c139ae4c3-le64.cache-4
7fa318449000-7fa31844a000 r--s 00000000 08:01 7209040                    /var/cache/fontconfig/4794a0821666d79190d59a36cb4f44b5-le64.cache-4
7fa31844a000-7fa31844b000 r--s 00000000 08:01 7209042                    /var/cache/fontconfig/56cf4f4769d0f4abc89a4895d7bd3ae1-le64.cache-4
7fa31844b000-7fa31844e000 r--s 00000000 08:01 7210176                    /var/cache/fontconfig/e13b20fdb08344e0e664864cc2ede53d-le64.cache-4
7fa318466000-7fa31853a000 r-xp 00000000 08:01 2886099                    /usr/lib/pycharm-community/jre/jre/lib/amd64/libfontmanager.so
7fa31853a000-7fa318739000 ---p 000d4000 08:01 2886099                    /usr/lib/pycharm-community/jre/jre/lib/amd64/libfontmanager.so
7fa318739000-7fa31873e000 rw-p 000d3000 08:01 2886099                    /usr/lib/pycharm-community/jre/jre/lib/amd64/libfontmanager.so
7fa31873e000-7fa318951000 rw-p 00000000 00:00 0 
7fa318951000-7fa318956000 r-xp 00000000 08:01 14294844                   /usr/lib/x86_64-linux-gnu/libXdmcp.so.6.0.0
7fa318956000-7fa318b55000 ---p 00005000 08:01 14294844                   /usr/lib/x86_64-linux-gnu/libXdmcp.so.6.0.0
7fa318b55000-7fa318b56000 r--p 00004000 08:01 14294844                   /usr/lib/x86_64-linux-gnu/libXdmcp.so.6.0.0
7fa318b56000-7fa318b57000 rw-p 00005000 08:01 14294844                   /usr/lib/x86_64-linux-gnu/libXdmcp.so.6.0.0
7fa318b57000-7fa318b59000 r-xp 00000000 08:01 14294833                   /usr/lib/x86_64-linux-gnu/libXau.so.6.0.0
7fa318b59000-7fa318d59000 ---p 00002000 08:01 14294833                   /usr/lib/x86_64-linux-gnu/libXau.so.6.0.0
7fa318d59000-7fa318d5a000 r--p 00002000 08:01 14294833                   /usr/lib/x86_64-linux-gnu/libXau.so.6.0.0
7fa318d5a000-7fa318d5b000 rw-p 00003000 08:01 14294833                   /usr/lib/x86_64-linux-gnu/libXau.so.6.0.0
7fa318d5b000-7fa318d78000 r-xp 00000000 08:01 14295901                   /usr/lib/x86_64-linux-gnu/libxcb.so.1.1.0
7fa318d78000-7fa318f78000 ---p 0001d000 08:01 14295901                   /usr/lib/x86_64-linux-gnu/libxcb.so.1.1.0
7fa318f78000-7fa318f79000 r--p 0001d000 08:01 14295901                   /usr/lib/x86_64-linux-gnu/libxcb.so.1.1.0
7fa318f79000-7fa318f7a000 rw-p 0001e000 08:01 14295901                   /usr/lib/x86_64-linux-gnu/libxcb.so.1.1.0
7fa318f7a000-7fa318f89000 r-xp 00000000 08:01 14294854                   /usr/lib/x86_64-linux-gnu/libXi.so.6.1.0
7fa318f89000-7fa319188000 ---p 0000f000 08:01 14294854                   /usr/lib/x86_64-linux-gnu/libXi.so.6.1.0
7fa319188000-7fa319189000 r--p 0000e000 08:01 14294854                   /usr/lib/x86_64-linux-gnu/libXi.so.6.1.0
7fa319189000-7fa31918a000 rw-p 0000f000 08:01 14294854                   /usr/lib/x86_64-linux-gnu/libXi.so.6.1.0
7fa31918a000-7fa31918f000 r-xp 00000000 08:01 14294874                   /usr/lib/x86_64-linux-gnu/libXtst.so.6.1.0
7fa31918f000-7fa31938e000 ---p 00005000 08:01 14294874                   /usr/lib/x86_64-linux-gnu/libXtst.so.6.1.0
7fa31938e000-7fa31938f000 r--p 00004000 08:01 14294874                   /usr/lib/x86_64-linux-gnu/libXtst.so.6.1.0
7fa31938f000-7fa319390000 rw-p 00005000 08:01 14294874                   /usr/lib/x86_64-linux-gnu/libXtst.so.6.1.0
7fa319390000-7fa319399000 r-xp 00000000 08:01 14294868                   /usr/lib/x86_64-linux-gnu/libXrender.so.1.3.0
7fa319399000-7fa319598000 ---p 00009000 08:01 14294868                   /usr/lib/x86_64-linux-gnu/libXrender.so.1.3.0
7fa319598000-7fa319599000 r--p 00008000 08:01 14294868                   /usr/lib/x86_64-linux-gnu/libXrender.so.1.3.0
7fa319599000-7fa31959a000 rw-p 00009000 08:01 14294868                   /usr/lib/x86_64-linux-gnu/libXrender.so.1.3.0
7fa31959a000-7fa3196ca000 r-xp 00000000 08:01 14294829                   /usr/lib/x86_64-linux-gnu/libX11.so.6.3.0
7fa3196ca000-7fa3198ca000 ---p 00130000 08:01 14294829                   /usr/lib/x86_64-linux-gnu/libX11.so.6.3.0
7fa3198ca000-7fa3198cb000 r--p 00130000 08:01 14294829                   /usr/lib/x86_64-linux-gnu/libX11.so.6.3.0
7fa3198cb000-7fa3198cf000 rw-p 00131000 08:01 14294829                   /usr/lib/x86_64-linux-gnu/libX11.so.6.3.0
7fa3198cf000-7fa3198e0000 r-xp 00000000 08:01 14294846                   /usr/lib/x86_64-linux-gnu/libXext.so.6.4.0
7fa3198e0000-7fa319adf000 ---p 00011000 08:01 14294846                   /usr/lib/x86_64-linux-gnu/libXext.so.6.4.0
7fa319adf000-7fa319ae0000 r--p 00010000 08:01 14294846                   /usr/lib/x86_64-linux-gnu/libXext.so.6.4.0
7fa319ae0000-7fa319ae1000 rw-p 00011000 08:01 14294846                   /usr/lib/x86_64-linux-gnu/libXext.so.6.4.0
7fa319ae1000-7fa319ae2000 r--s 00000000 08:01 7209054                    /var/cache/fontconfig/b9d506c9ac06c20b433354fa67a72993-le64.cache-4
7fa319ae2000-7fa319ae3000 r--s 00000000 08:01 7209031                    /var/cache/fontconfig/0c9eb80ebd1c36541ebe2852d3bb0c49-le64.cache-4
7fa319ae3000-7fa319ae7000 r--s 00000000 08:01 7212937                    /var/cache/fontconfig/7ef2298fde41cc6eeb7af42e48b7d293-le64.cache-4
7fa319ae7000-7fa319aeb000 r--p 00000000 08:01 11010365                   /home/bynry007/.config/dconf/user (deleted)
7fa319aeb000-7fa319aec000 r--s 00000000 00:17 3                          /run/user/1000/dconf/user (deleted)
7fa319aec000-7fa319aff000 r--s 00344000 08:01 2886140                    /usr/lib/pycharm-community/jre/jre/lib/resources.jar
7fa319aff000-7fa319b54000 r-xp 00000000 08:01 2886133                    /usr/lib/pycharm-community/jre/jre/lib/amd64/libawt_xawt.so
7fa319b54000-7fa319d54000 ---p 00055000 08:01 2886133                    /usr/lib/pycharm-community/jre/jre/lib/amd64/libawt_xawt.so
7fa319d54000-7fa319d58000 rw-p 00055000 08:01 2886133                    /usr/lib/pycharm-community/jre/jre/lib/amd64/libawt_xawt.so
7fa319d58000-7fa319d59000 rw-p 00000000 00:00 0 
7fa319d59000-7fa319dfc000 r-xp 00000000 08:01 2886097                    /usr/lib/pycharm-community/jre/jre/lib/amd64/libawt.so
7fa319dfc000-7fa319ffc000 ---p 000a3000 08:01 2886097                    /usr/lib/pycharm-community/jre/jre/lib/amd64/libawt.so
7fa319ffc000-7fa31a008000 rw-p 000a3000 08:01 2886097                    /usr/lib/pycharm-community/jre/jre/lib/amd64/libawt.so
7fa31a008000-7fa31a02c000 rw-p 00000000 00:00 0 
7fa31a02c000-7fa31a031000 r--s 002f9000 08:01 2886158                    /usr/lib/pycharm-community/jre/jre/lib/charsets.jar
7fa31a032000-7fa31a038000 r--s 0003a000 08:01 2886180                    /usr/lib/pycharm-community/jre/jre/lib/ext/sunjce_provider.jar
7fa31a080000-7fa31a081000 r--s 00008000 08:01 2886177                    /usr/lib/pycharm-community/jre/jre/lib/ext/sunec.jar
7fa31a126000-7fa31a128000 r--s 00014000 08:01 2884738                    /usr/lib/pycharm-community/lib/imageio-tiff-3.2.1.jar
7fa31a154000-7fa31a157000 r--s 0031b000 08:01 2884716                    /usr/lib/pycharm-community/lib/resources.jar
7fa31a179000-7fa31a3ff000 r--s 0583f000 08:01 2884671                    /usr/lib/pycharm-community/lib/pycharm.jar
7fa31a3ff000-7fa31a439000 r--s 002b0000 08:01 2884675                    /usr/lib/pycharm-community/lib/icons.jar
7fa31a45e000-7fa31a461000 ---p 00000000 00:00 0 
7fa31a461000-7fa31a497000 rw-p 00000000 00:00 0 
7fa31a5cf000-7fa31a5dd000 r--s 010fe000 08:01 2884668                    /usr/lib/pycharm-community/lib/resources_en.jar
7fa31a663000-7fa31a67f000 r--s 00393000 08:01 2886176                    /usr/lib/pycharm-community/jre/jre/lib/ext/cldrdata.jar
7fa31a67f000-7fa31a698000 r--s 00135000 08:01 2884699                    /usr/lib/pycharm-community/lib/xercesImpl.jar
7fa31a6a4000-7fa31a6ae000 r--s 00116000 08:01 2886182                    /usr/lib/pycharm-community/jre/jre/lib/ext/localedata.jar
7fa31a6df000-7fa31a6e4000 r--s 000a3000 08:01 2884874                    /usr/lib/pycharm-community/plugins/github/lib/github.jar
7fa31a6ea000-7fa31a6ef000 rw-s 00000000 00:05 92995588                   /SYSV00000000 (deleted)
7fa31a6ef000-7fa31a705000 r-xp 00000000 08:01 2886101                    /usr/lib/pycharm-community/jre/jre/lib/amd64/libnet.so
7fa31a705000-7fa31a905000 ---p 00016000 08:01 2886101                    /usr/lib/pycharm-community/jre/jre/lib/amd64/libnet.so
7fa31a905000-7fa31a906000 rw-p 00016000 08:01 2886101                    /usr/lib/pycharm-community/jre/jre/lib/amd64/libnet.so
7fa31a906000-7fa31a917000 r-xp 00000000 08:01 2886134                    /usr/lib/pycharm-community/jre/jre/lib/amd64/libnio.so
7fa31a917000-7fa31ab17000 ---p 00011000 08:01 2886134                    /usr/lib/pycharm-community/jre/jre/lib/amd64/libnio.so
7fa31ab17000-7fa31ab18000 rw-p 00011000 08:01 2886134                    /usr/lib/pycharm-community/jre/jre/lib/amd64/libnio.so
7fa31ab18000-7fa31ab19000 ---p 00000000 00:00 0 
7fa31ab19000-7fa31ac19000 rw-p 00000000 00:00 0                          [stack:3520]
7fa31ac19000-7fa31ac1c000 ---p 00000000 00:00 0 
7fa31ac1c000-7fa31ad1a000 rw-p 00000000 00:00 0                          [stack:3519]
7fa31ad1a000-7fa31ad1d000 ---p 00000000 00:00 0 
7fa31ad1d000-7fa31ae1b000 rw-p 00000000 00:00 0                          [stack:3518]
7fa31ae1b000-7fa31ae1e000 ---p 00000000 00:00 0 
7fa31ae1e000-7fa31af1c000 rw-p 00000000 00:00 0                          [stack:3517]
7fa31af1c000-7fa31af1f000 ---p 00000000 00:00 0 
7fa31af1f000-7fa31b01d000 rw-p 00000000 00:00 0                          [stack:3516]
7fa31b01d000-7fa31b020000 ---p 00000000 00:00 0 
7fa31b020000-7fa31b11e000 rw-p 00000000 00:00 0                          [stack:3515]
7fa31b11e000-7fa31b800000 r--p 00000000 08:01 14293829                   /usr/lib/locale/locale-archive
7fa31b800000-7fa31c000000 rw-p 00000000 00:00 0 
7fa31c000000-7fa31c0c6000 rw-p 00000000 00:00 0 
7fa31c0c6000-7fa320000000 ---p 00000000 00:00 0 
7fa320000000-7fa320021000 rw-p 00000000 00:00 0 
7fa320021000-7fa324000000 ---p 00000000 00:00 0 
7fa324000000-7fa324084000 rw-p 00000000 00:00 0 
7fa324084000-7fa328000000 ---p 00000000 00:00 0 
7fa328000000-7fa328083000 rw-p 00000000 00:00 0 
7fa328083000-7fa32c000000 ---p 00000000 00:00 0 
7fa32c000000-7fa32c07a000 rw-p 00000000 00:00 0 
7fa32c07a000-7fa330000000 ---p 00000000 00:00 0 
7fa330000000-7fa33000b000 r--s 00083000 08:01 2884697                    /usr/lib/pycharm-community/lib/trove4j.jar
7fa33000b000-7fa33003a000 r--s 0054c000 08:01 2884640                    /usr/lib/pycharm-community/lib/util.jar
7fa33003a000-7fa3300cb000 r--s 013ac000 08:01 2886173                    /usr/lib/pycharm-community/jre/jre/lib/ext/jfxrt.jar
7fa3300cb000-7fa3300ce000 ---p 00000000 00:00 0 
7fa3300ce000-7fa3301cc000 rw-p 00000000 00:00 0                          [stack:3514]
7fa3301cc000-7fa3301cf000 ---p 00000000 00:00 0 
7fa3301cf000-7fa3302cd000 rw-p 00000000 00:00 0                          [stack:3513]
7fa3302cd000-7fa3302d0000 ---p 00000000 00:00 0 
7fa3302d0000-7fa3303ce000 rw-p 00000000 00:00 0                          [stack:3512]
7fa3303ce000-7fa3303cf000 ---p 00000000 00:00 0 
7fa3303cf000-7fa33051c000 rw-p 00000000 00:00 0                          [stack:3511]
7fa33051c000-7fa3306e9000 r--s 03bec000 08:01 2886155                    /usr/lib/pycharm-community/jre/jre/lib/rt.jar
7fa3306e9000-7fa33075f000 rw-p 00000000 00:00 0 
7fa33075f000-7fa330760000 ---p 00000000 00:00 0 
7fa330760000-7fa3334f3000 rw-p 00000000 00:00 0                          [stack:3510]
7fa3334f3000-7fa333530000 ---p 00000000 00:00 0 
7fa333530000-7fa33394a000 rw-p 00000000 00:00 0 
7fa33394a000-7fa3339b1000 ---p 00000000 00:00 0 
7fa3339b1000-7fa333a6f000 rw-p 00000000 00:00 0 
7fa333a6f000-7fa333aab000 ---p 00000000 00:00 0 
7fa333aab000-7fa333aac000 rw-p 00000000 00:00 0 
7fa333aac000-7fa333aad000 ---p 00000000 00:00 0 
7fa333aad000-7fa333bad000 rw-p 00000000 00:00 0                          [stack:3509]
7fa333bad000-7fa333bae000 ---p 00000000 00:00 0 
7fa333bae000-7fa333cae000 rw-p 00000000 00:00 0                          [stack:3508]
7fa333cae000-7fa333caf000 ---p 00000000 00:00 0 
7fa333caf000-7fa333f7d000 rw-p 00000000 00:00 0                          [stack:3507]
7fa333f7d000-7fa33416f000 ---p 00000000 00:00 0 
7fa33416f000-7fa33b4df000 rwxp 00000000 00:00 0 
7fa33b4df000-7fa34316f000 ---p 00000000 00:00 0 
7fa34316f000-7fa343189000 r-xp 00000000 08:01 2886110                    /usr/lib/pycharm-community/jre/jre/lib/amd64/libzip.so
7fa343189000-7fa343388000 ---p 0001a000 08:01 2886110                    /usr/lib/pycharm-community/jre/jre/lib/amd64/libzip.so
7fa343388000-7fa343389000 rw-p 00019000 08:01 2886110                    /usr/lib/pycharm-community/jre/jre/lib/amd64/libzip.so
7fa343389000-7fa343393000 r-xp 00000000 08:01 10354791                   /lib/x86_64-linux-gnu/libnss_files-2.19.so
7fa343393000-7fa343592000 ---p 0000a000 08:01 10354791                   /lib/x86_64-linux-gnu/libnss_files-2.19.so
7fa343592000-7fa343593000 r--p 00009000 08:01 10354791                   /lib/x86_64-linux-gnu/libnss_files-2.19.so
7fa343593000-7fa343594000 rw-p 0000a000 08:01 10354791                   /lib/x86_64-linux-gnu/libnss_files-2.19.so
7fa343594000-7fa34359f000 r-xp 00000000 08:01 10354783                   /lib/x86_64-linux-gnu/libnss_nis-2.19.so
7fa34359f000-7fa34379e000 ---p 0000b000 08:01 10354783                   /lib/x86_64-linux-gnu/libnss_nis-2.19.so
7fa34379e000-7fa34379f000 r--p 0000a000 08:01 10354783                   /lib/x86_64-linux-gnu/libnss_nis-2.19.so
7fa34379f000-7fa3437a0000 rw-p 0000b000 08:01 10354783                   /lib/x86_64-linux-gnu/libnss_nis-2.19.so
7fa3437a0000-7fa3437b7000 r-xp 00000000 08:01 10354779                   /lib/x86_64-linux-gnu/libnsl-2.19.so
7fa3437b7000-7fa3439b6000 ---p 00017000 08:01 10354779                   /lib/x86_64-linux-gnu/libnsl-2.19.so
7fa3439b6000-7fa3439b7000 r--p 00016000 08:01 10354779                   /lib/x86_64-linux-gnu/libnsl-2.19.so
7fa3439b7000-7fa3439b8000 rw-p 00017000 08:01 10354779                   /lib/x86_64-linux-gnu/libnsl-2.19.so
7fa3439b8000-7fa3439ba000 rw-p 00000000 00:00 0 
7fa3439ba000-7fa3439c3000 r-xp 00000000 08:01 10354778                   /lib/x86_64-linux-gnu/libnss_compat-2.19.so
7fa3439c3000-7fa343bc2000 ---p 00009000 08:01 10354778                   /lib/x86_64-linux-gnu/libnss_compat-2.19.so
7fa343bc2000-7fa343bc3000 r--p 00008000 08:01 10354778                   /lib/x86_64-linux-gnu/libnss_compat-2.19.so
7fa343bc3000-7fa343bc4000 rw-p 00009000 08:01 10354778                   /lib/x86_64-linux-gnu/libnss_compat-2.19.so
7fa343bc4000-7fa343bee000 r-xp 00000000 08:01 2886090                    /usr/lib/pycharm-community/jre/jre/lib/amd64/libjava.so
7fa343bee000-7fa343dee000 ---p 0002a000 08:01 2886090                    /usr/lib/pycharm-community/jre/jre/lib/amd64/libjava.so
7fa343dee000-7fa343df0000 rw-p 0002a000 08:01 2886090                    /usr/lib/pycharm-community/jre/jre/lib/amd64/libjava.so
7fa343df0000-7fa343dff000 r-xp 00000000 08:01 2886091                    /usr/lib/pycharm-community/jre/jre/lib/amd64/libverify.so
7fa343dff000-7fa343ffe000 ---p 0000f000 08:01 2886091                    /usr/lib/pycharm-community/jre/jre/lib/amd64/libverify.so
7fa343ffe000-7fa344000000 rw-p 0000e000 08:01 2886091                    /usr/lib/pycharm-community/jre/jre/lib/amd64/libverify.so
7fa344000000-7fa3449a4000 rw-p 00000000 00:00 0 
7fa3449a4000-7fa348000000 ---p 00000000 00:00 0 
7fa348003000-7fa348004000 ---p 00000000 00:00 0 
7fa348004000-7fa348104000 rw-p 00000000 00:00 0                          [stack:3506]
7fa348104000-7fa34810b000 r-xp 00000000 08:01 10354787                   /lib/x86_64-linux-gnu/librt-2.19.so
7fa34810b000-7fa34830a000 ---p 00007000 08:01 10354787                   /lib/x86_64-linux-gnu/librt-2.19.so
7fa34830a000-7fa34830b000 r--p 00006000 08:01 10354787                   /lib/x86_64-linux-gnu/librt-2.19.so
7fa34830b000-7fa34830c000 rw-p 00007000 08:01 10354787                   /lib/x86_64-linux-gnu/librt-2.19.so
7fa34830c000-7fa348411000 r-xp 00000000 08:01 10354707                   /lib/x86_64-linux-gnu/libm-2.19.so
7fa348411000-7fa348610000 ---p 00105000 08:01 10354707                   /lib/x86_64-linux-gnu/libm-2.19.so
7fa348610000-7fa348611000 r--p 00104000 08:01 10354707                   /lib/x86_64-linux-gnu/libm-2.19.so
7fa348611000-7fa348612000 rw-p 00105000 08:01 10354707                   /lib/x86_64-linux-gnu/libm-2.19.so
7fa348612000-7fa349239000 r-xp 00000000 08:01 2886107                    /usr/lib/pycharm-community/jre/jre/lib/amd64/server/libjvm.so
7fa349239000-7fa349439000 ---p 00c27000 08:01 2886107                    /usr/lib/pycharm-community/jre/jre/lib/amd64/server/libjvm.so
7fa349439000-7fa349507000 rw-p 00c27000 08:01 2886107                    /usr/lib/pycharm-community/jre/jre/lib/amd64/server/libjvm.so
7fa349507000-7fa349548000 rw-p 00000000 00:00 0 
7fa349548000-7fa349702000 r-xp 00000000 08:01 10354788                   /lib/x86_64-linux-gnu/libc-2.19.so
7fa349702000-7fa349902000 ---p 001ba000 08:01 10354788                   /lib/x86_64-linux-gnu/libc-2.19.so
7fa349902000-7fa349906000 r--p 001ba000 08:01 10354788                   /lib/x86_64-linux-gnu/libc-2.19.so
7fa349906000-7fa349908000 rw-p 001be000 08:01 10354788                   /lib/x86_64-linux-gnu/libc-2.19.so
7fa349908000-7fa34990d000 rw-p 00000000 00:00 0 
7fa34990d000-7fa349910000 r-xp 00000000 08:01 10354717                   /lib/x86_64-linux-gnu/libdl-2.19.so
7fa349910000-7fa349b0f000 ---p 00003000 08:01 10354717                   /lib/x86_64-linux-gnu/libdl-2.19.so
7fa349b0f000-7fa349b10000 r--p 00002000 08:01 10354717                   /lib/x86_64-linux-gnu/libdl-2.19.so
7fa349b10000-7fa349b11000 rw-p 00003000 08:01 10354717                   /lib/x86_64-linux-gnu/libdl-2.19.so
7fa349b11000-7fa349b26000 r-xp 00000000 08:01 2886130                    /usr/lib/pycharm-community/jre/jre/lib/amd64/jli/libjli.so
7fa349b26000-7fa349d26000 ---p 00015000 08:01 2886130                    /usr/lib/pycharm-community/jre/jre/lib/amd64/jli/libjli.so
7fa349d26000-7fa349d27000 rw-p 00015000 08:01 2886130                    /usr/lib/pycharm-community/jre/jre/lib/amd64/jli/libjli.so
7fa349d27000-7fa349d40000 r-xp 00000000 08:01 10354780                   /lib/x86_64-linux-gnu/libpthread-2.19.so
7fa349d40000-7fa349f3f000 ---p 00019000 08:01 10354780                   /lib/x86_64-linux-gnu/libpthread-2.19.so
7fa349f3f000-7fa349f40000 r--p 00018000 08:01 10354780                   /lib/x86_64-linux-gnu/libpthread-2.19.so
7fa349f40000-7fa349f41000 rw-p 00019000 08:01 10354780                   /lib/x86_64-linux-gnu/libpthread-2.19.so
7fa349f41000-7fa349f45000 rw-p 00000000 00:00 0 
7fa349f45000-7fa349f68000 r-xp 00000000 08:01 10354781                   /lib/x86_64-linux-gnu/ld-2.19.so
7fa349f6c000-7fa349f6d000 r--s 0000a000 08:01 2884836                    /usr/lib/pycharm-community/plugins/svn4idea/lib/resources_en.jar
7fa349f6d000-7fa34a042000 rw-p 00000000 00:00 0 
7fa34a042000-7fa34a045000 ---p 00000000 00:00 0 
7fa34a045000-7fa34a147000 rw-p 00000000 00:00 0                          [stack:3505]
7fa34a147000-7fa34a14b000 r--s 000dc000 08:01 2884634                    /usr/lib/pycharm-community/lib/jna.jar
7fa34a14b000-7fa34a154000 r--s 0006f000 08:01 2884685                    /usr/lib/pycharm-community/lib/log4j.jar
7fa34a154000-7fa34a157000 r--s 00024000 08:01 2884686                    /usr/lib/pycharm-community/lib/jdom.jar
7fa34a157000-7fa34a159000 r--s 0002a000 08:01 2884730                    /usr/lib/pycharm-community/lib/extensions.jar
7fa34a159000-7fa34a15a000 r--s 0000a000 08:01 2884719                    /usr/lib/pycharm-community/lib/bootstrap.jar
7fa34a15a000-7fa34a15b000 r--s 00004000 08:01 2884678                    /usr/lib/pycharm-community/lib/boot.jar
7fa34a15b000-7fa34a163000 rw-s 00000000 08:01 7602236                    /tmp/hsperfdata_bynry007/3504
7fa34a163000-7fa34a164000 rw-p 00000000 00:00 0 
7fa34a164000-7fa34a165000 r--p 00000000 00:00 0 
7fa34a165000-7fa34a167000 rw-p 00000000 00:00 0 
7fa34a167000-7fa34a168000 r--p 00022000 08:01 10354781                   /lib/x86_64-linux-gnu/ld-2.19.so
7fa34a168000-7fa34a169000 rw-p 00023000 08:01 10354781                   /lib/x86_64-linux-gnu/ld-2.19.so
7fa34a169000-7fa34a16a000 rw-p 00000000 00:00 0 
7ffd9cc33000-7ffd9cc54000 rw-p 00000000 00:00 0                          [stack]
7ffd9cc58000-7ffd9cc5a000 r--p 00000000 00:00 0                          [vvar]
7ffd9cc5a000-7ffd9cc5c000 r-xp 00000000 00:00 0                          [vdso]
ffffffffff600000-ffffffffff601000 r-xp 00000000 00:00 0                  [vsyscall]

VM Arguments:
jvm_args: -Xbootclasspath/a:/usr/lib/pycharm-community/bin/../lib/boot.jar -Xms128m -Xmx750m -XX:ReservedCodeCacheSize=240m -XX:+UseConcMarkSweepGC -XX:SoftRefLRUPolicyMSPerMB=50 -ea -Dsun.io.useCanonCaches=false -Djava.net.preferIPv4Stack=true -XX:+HeapDumpOnOutOfMemoryError -XX:-OmitStackTraceInFastThrow -Dawt.useSystemAAFontSettings=lcd -Djb.vmOptionsFile=/usr/lib/pycharm-community/bin/pycharm64.vmoptions -XX:ErrorFile=/home/bynry007/java_error_in_PYCHARM_%p.log -XX:HeapDumpPath=/home/bynry007/java_error_in_PYCHARM.hprof -Djb.restart.code=88 -Didea.paths.selector=PyCharm2016.2 -Didea.platform.prefix=PyCharmCore -Didea.no.jre.check=true 
java_command: com.intellij.idea.Main
java_class_path (initial): /usr/lib/pycharm-community/bin/../lib/bootstrap.jar:/usr/lib/pycharm-community/bin/../lib/extensions.jar:/usr/lib/pycharm-community/bin/../lib/util.jar:/usr/lib/pycharm-community/bin/../lib/jdom.jar:/usr/lib/pycharm-community/bin/../lib/log4j.jar:/usr/lib/pycharm-community/bin/../lib/trove4j.jar:/usr/lib/pycharm-community/bin/../lib/jna.jar
Launcher Type: SUN_STANDARD

Environment Variables:
PATH=/usr/local/sbin:/usr/local/bin:/usr/sbin:/usr/bin:/sbin:/bin:/usr/games:/usr/local/games
LD_LIBRARY_PATH=/usr/lib/pycharm-community/bin:
SHELL=/bin/bash
DISPLAY=:0

Signal Handlers:
SIGSEGV: [libjvm.so+0xa25050], sa_mask[0]=11111111011111111101111111111110, sa_flags=SA_RESTART|SA_SIGINFO
SIGBUS: [libjvm.so+0xa25050], sa_mask[0]=11111111011111111101111111111110, sa_flags=SA_RESTART|SA_SIGINFO
SIGFPE: [libjvm.so+0x8946c0], sa_mask[0]=11111111011111111101111111111110, sa_flags=SA_RESTART|SA_SIGINFO
SIGPIPE: SIG_IGN, sa_mask[0]=00000000000010000000000000000000, sa_flags=SA_RESTART
SIGXFSZ: [libjvm.so+0x8946c0], sa_mask[0]=11111111011111111101111111111110, sa_flags=SA_RESTART|SA_SIGINFO
SIGILL: [libjvm.so+0x8946c0], sa_mask[0]=11111111011111111101111111111110, sa_flags=SA_RESTART|SA_SIGINFO
SIGUSR1: SIG_DFL, sa_mask[0]=00000000000000000000000000000000, sa_flags=none
SIGUSR2: [libjvm.so+0x895ba0], sa_mask[0]=00000000000000000000000000000000, sa_flags=SA_RESTART|SA_SIGINFO
SIGHUP: [libjvm.so+0x897290], sa_mask[0]=11111111011111111101111111111110, sa_flags=SA_RESTART|SA_SIGINFO
SIGINT: [libjvm.so+0x897290], sa_mask[0]=11111111011111111101111111111110, sa_flags=SA_RESTART|SA_SIGINFO
SIGTERM: [libjvm.so+0x897290], sa_mask[0]=11111111011111111101111111111110, sa_flags=SA_RESTART|SA_SIGINFO
SIGQUIT: [libjvm.so+0x897290], sa_mask[0]=11111111011111111101111111111110, sa_flags=SA_RESTART|SA_SIGINFO


---------------  S Y S T E M  ---------------

OS:DISTRIB_ID=Ubuntu
DISTRIB_RELEASE=14.04
DISTRIB_CODENAME=trusty
DISTRIB_DESCRIPTION="Ubuntu 14.04.4 LTS"

uname:Linux 4.2.0-27-generic #32~14.04.1-Ubuntu SMP Fri Jan 22 15:32:26 UTC 2016 x86_64
libc:glibc 2.19 NPTL 2.19 
rlimit: STACK 8192k, CORE 0k, NPROC 31420, NOFILE 4096, AS infinity
load average:1.10 0.48 0.45

/proc/meminfo:
MemTotal:        8065136 kB
MemFree:         4072200 kB
MemAvailable:    6578372 kB
Buffers:          378384 kB
Cached:          2015588 kB
SwapCached:            0 kB
Active:          2741796 kB
Inactive:         900792 kB
Active(anon):    1249684 kB
Inactive(anon):    88060 kB
Active(file):    1492112 kB
Inactive(file):   812732 kB
Unevictable:         436 kB
Mlocked:             436 kB
SwapTotal:       8275964 kB
SwapFree:        8275964 kB
Dirty:              3864 kB
Writeback:             0 kB
AnonPages:       1240284 kB
Mapped:           148588 kB
Shmem:             89364 kB
Slab:             281488 kB
SReclaimable:     243604 kB
SUnreclaim:        37884 kB
KernelStack:        8032 kB
PageTables:        16920 kB
NFS_Unstable:          0 kB
Bounce:                0 kB
WritebackTmp:          0 kB
CommitLimit:    12308532 kB
Committed_AS:    3108500 kB
VmallocTotal:   34359738367 kB
VmallocUsed:      356948 kB
VmallocChunk:   34358947836 kB
HardwareCorrupted:     0 kB
AnonHugePages:   1132544 kB
CmaTotal:              0 kB
CmaFree:               0 kB
HugePages_Total:       0
HugePages_Free:        0
HugePages_Rsvd:        0
HugePages_Surp:        0
Hugepagesize:       2048 kB
DirectMap4k:      182184 kB
DirectMap2M:     8095744 kB


CPU:total 4 (2 cores per cpu, 2 threads per core) family 6 model 58 stepping 9, cmov, cx8, fxsr, mmx, sse, sse2, sse3, ssse3, sse4.1, sse4.2, popcnt, avx, clmul, erms, ht, tsc, tscinvbit, tscinv

/proc/cpuinfo:
processor	: 0
vendor_id	: GenuineIntel
cpu family	: 6
model		: 58
model name	: Intel(R) Core(TM) i3-3220 CPU @ 3.30GHz
stepping	: 9
microcode	: 0x19
cpu MHz		: 3299.871
cache size	: 3072 KB
physical id	: 0
siblings	: 4
core id		: 0
cpu cores	: 2
apicid		: 0
initial apicid	: 0
fpu		: yes
fpu_exception	: yes
cpuid level	: 13
wp		: yes
flags		: fpu vme de pse tsc msr pae mce cx8 apic sep mtrr pge mca cmov pat pse36 clflush dts acpi mmx fxsr sse sse2 ss ht tm pbe syscall nx rdtscp lm constant_tsc arch_perfmon pebs bts rep_good nopl xtopology nonstop_tsc aperfmperf eagerfpu pni pclmulqdq dtes64 monitor ds_cpl vmx est tm2 ssse3 cx16 xtpr pdcm pcid sse4_1 sse4_2 popcnt tsc_deadline_timer xsave avx f16c lahf_lm arat epb pln pts dtherm tpr_shadow vnmi flexpriority ept vpid fsgsbase smep erms xsaveopt
bugs		:
bogomips	: 6584.71
clflush size	: 64
cache_alignment	: 64
address sizes	: 36 bits physical, 48 bits virtual
power management:

processor	: 1
vendor_id	: GenuineIntel
cpu family	: 6
model		: 58
model name	: Intel(R) Core(TM) i3-3220 CPU @ 3.30GHz
stepping	: 9
microcode	: 0x19
cpu MHz		: 3299.871
cache size	: 3072 KB
physical id	: 0
siblings	: 4
core id		: 1
cpu cores	: 2
apicid		: 2
initial apicid	: 2
fpu		: yes
fpu_exception	: yes
cpuid level	: 13
wp		: yes
flags		: fpu vme de pse tsc msr pae mce cx8 apic sep mtrr pge mca cmov pat pse36 clflush dts acpi mmx fxsr sse sse2 ss ht tm pbe syscall nx rdtscp lm constant_tsc arch_perfmon pebs bts rep_good nopl xtopology nonstop_tsc aperfmperf eagerfpu pni pclmulqdq dtes64 monitor ds_cpl vmx est tm2 ssse3 cx16 xtpr pdcm pcid sse4_1 sse4_2 popcnt tsc_deadline_timer xsave avx f16c lahf_lm arat epb pln pts dtherm tpr_shadow vnmi flexpriority ept vpid fsgsbase smep erms xsaveopt
bugs		:
bogomips	: 6584.71
clflush size	: 64
cache_alignment	: 64
address sizes	: 36 bits physical, 48 bits virtual
power management:

processor	: 2
vendor_id	: GenuineIntel
cpu family	: 6
model		: 58
model name	: Intel(R) Core(TM) i3-3220 CPU @ 3.30GHz
stepping	: 9
microcode	: 0x19
cpu MHz		: 3300.000
cache size	: 3072 KB
physical id	: 0
siblings	: 4
core id		: 0
cpu cores	: 2
apicid		: 1
initial apicid	: 1
fpu		: yes
fpu_exception	: yes
cpuid level	: 13
wp		: yes
flags		: fpu vme de pse tsc msr pae mce cx8 apic sep mtrr pge mca cmov pat pse36 clflush dts acpi mmx fxsr sse sse2 ss ht tm pbe syscall nx rdtscp lm constant_tsc arch_perfmon pebs bts rep_good nopl xtopology nonstop_tsc aperfmperf eagerfpu pni pclmulqdq dtes64 monitor ds_cpl vmx est tm2 ssse3 cx16 xtpr pdcm pcid sse4_1 sse4_2 popcnt tsc_deadline_timer xsave avx f16c lahf_lm arat epb pln pts dtherm tpr_shadow vnmi flexpriority ept vpid fsgsbase smep erms xsaveopt
bugs		:
bogomips	: 6584.71
clflush size	: 64
cache_alignment	: 64
address sizes	: 36 bits physical, 48 bits virtual
power management:

processor	: 3
vendor_id	: GenuineIntel
cpu family	: 6
model		: 58
model name	: Intel(R) Core(TM) i3-3220 CPU @ 3.30GHz
stepping	: 9
microcode	: 0x19
cpu MHz		: 3300.000
cache size	: 3072 KB
physical id	: 0
siblings	: 4
core id		: 1
cpu cores	: 2
apicid		: 3
initial apicid	: 3
fpu		: yes
fpu_exception	: yes
cpuid level	: 13
wp		: yes
flags		: fpu vme de pse tsc msr pae mce cx8 apic sep mtrr pge mca cmov pat pse36 clflush dts acpi mmx fxsr sse sse2 ss ht tm pbe syscall nx rdtscp lm constant_tsc arch_perfmon pebs bts rep_good nopl xtopology nonstop_tsc aperfmperf eagerfpu pni pclmulqdq dtes64 monitor ds_cpl vmx est tm2 ssse3 cx16 xtpr pdcm pcid sse4_1 sse4_2 popcnt tsc_deadline_timer xsave avx f16c lahf_lm arat epb pln pts dtherm tpr_shadow vnmi flexpriority ept vpid fsgsbase smep erms xsaveopt
bugs		:
bogomips	: 6584.71
clflush size	: 64
cache_alignment	: 64
address sizes	: 36 bits physical, 48 bits virtual
power management:



Memory: 4k page, physical 8065136k(4077988k free), swap 8275964k(8275964k free)

vm_info: OpenJDK 64-Bit Server VM (25.76-b216) for linux-amd64 JRE (1.8.0_76-release-b216), built on Jun  3 2016 18:04:20 by "root" with gcc 4.4.7 20120313 (Red Hat 4.4.7-16)

time: Tue Apr 17 20:26:11 2018
elapsed time: 34725 seconds (0d 9h 38m 45s)

